#
# A fatal error has been detected by the Java Runtime Environment:
#
#  SIGSEGV (0xb) at pc=0x00007fb5cda9d02e, pid=638747, tid=638751
#
# JRE version: OpenJDK Runtime Environment Temurin-17.0.8+7 (17.0.8+7) (build 17.0.8+7)
# Java VM: OpenJDK 64-Bit Server VM Temurin-17.0.8+7 (17.0.8+7, mixed mode, tiered, compressed oops, compressed class ptrs, g1 gc, linux-amd64)
# Problematic frame:
# V  [libjvm.so+0x6df02e]  void OopOopIterateDispatch<G1CMOopClosure>::Table::oop_oop_iterate<ObjArrayKlass, narrowOop>(G1CMOopClosure*, oopDesc*, Klass*)+0xce
#
# Core dump will be written. Default location: Core dumps may be processed with "/lib/systemd/systemd-coredump %P %u %g %s %t 9223372036854775808 %h" (or dumping to /home/gabriel/Documents/github/Angular-nape/nape/core.638747)
#
# If you would like to submit a bug report, please visit:
#   https://github.com/adoptium/adoptium-support/issues
#

---------------  S U M M A R Y ------------

Command Line: /home/gabriel/.vscode/extensions/sonarsource.sonarlint-vscode-3.20.2-linux-x64/server/sonarlint-ls.jar -stdio -analyzers /home/gabriel/.vscode/extensions/sonarsource.sonarlint-vscode-3.20.2-linux-x64/analyzers/sonargo.jar /home/gabriel/.vscode/extensions/sonarsource.sonarlint-vscode-3.20.2-linux-x64/analyzers/sonarjava.jar /home/gabriel/.vscode/extensions/sonarsource.sonarlint-vscode-3.20.2-linux-x64/analyzers/sonarjs.jar /home/gabriel/.vscode/extensions/sonarsource.sonarlint-vscode-3.20.2-linux-x64/analyzers/sonarphp.jar /home/gabriel/.vscode/extensions/sonarsource.sonarlint-vscode-3.20.2-linux-x64/analyzers/sonarpython.jar /home/gabriel/.vscode/extensions/sonarsource.sonarlint-vscode-3.20.2-linux-x64/analyzers/sonarhtml.jar /home/gabriel/.vscode/extensions/sonarsource.sonarlint-vscode-3.20.2-linux-x64/analyzers/sonarxml.jar /home/gabriel/.vscode/extensions/sonarsource.sonarlint-vscode-3.20.2-linux-x64/analyzers/sonarcfamily.jar /home/gabriel/.vscode/extensions/sonarsource.sonarlint-vscode-3.20.2-linux-x64/analyzers/sonartext.jar /home/gabriel/.vscode/extensions/sonarsource.sonarlint-vscode-3.20.2-linux-x64/analyzers/sonariac.jar

Host: 11th Gen Intel(R) Core(TM) i5-11300H @ 3.10GHz, 8 cores, 23G, Linux Mint 21.1 Vera
Time: Sun Aug 27 16:28:36 2023 -04 elapsed time: 4493.062352 seconds (0d 1h 14m 53s)

---------------  T H R E A D  ---------------

Current thread (0x00007fb5c80bc090):  ConcurrentGCThread "G1 Conc#0" [stack: 0x00007fb5cc446000,0x00007fb5cc546000] [id=638751]

Stack: [0x00007fb5cc446000,0x00007fb5cc546000],  sp=0x00007fb5cc544b90,  free space=1018k
Native frames: (J=compiled Java code, j=interpreted, Vv=VM code, C=native code)
V  [libjvm.so+0x6df02e]  void OopOopIterateDispatch<G1CMOopClosure>::Table::oop_oop_iterate<ObjArrayKlass, narrowOop>(G1CMOopClosure*, oopDesc*, Klass*)+0xce
V  [libjvm.so+0x7054b1]  void G1CMTask::process_grey_task_entry<true>(G1TaskQueueEntry)+0xd1
V  [libjvm.so+0x701942]  G1CMTask::do_marking_step(double, bool, bool)+0x6f2
V  [libjvm.so+0x70697d]  G1CMConcurrentMarkingTask::work(unsigned int)+0xdd
V  [libjvm.so+0xf17f2f]  GangWorker::loop()+0x5f
V  [libjvm.so+0xf17f8f]
V  [libjvm.so+0xe68d40]  Thread::call_run()+0xc0
V  [libjvm.so+0xc1e681]  thread_native_entry(Thread*)+0xe1


siginfo: si_signo: 11 (SIGSEGV), si_code: 1 (SEGV_MAPERR), si_addr: 0x00000000000000e8

Register to memory mapping:

RAX=0x0 is NULL
RBX=0x00007fb5ce6c4265: <offset 0x0000000001306265> in /home/gabriel/.vscode/extensions/sonarsource.sonarlint-vscode-3.20.2-linux-x64/jre/17.0.8-linux-x86_64.tar/lib/server/libjvm.so at 0x00007fb5cd3be000
RCX=0x0000000000000016 is an unknown value
RDX=0x0 is NULL
RSP=0x00007fb5cc544b90 points into unknown readable memory: 0x0000000000000000 | 00 00 00 00 00 00 00 00
RBP=0x00007fb5cc544be0 points into unknown readable memory: 0x00007fb5cc544c20 | 20 4c 54 cc b5 7f 00 00
RSI=8192 is a compressed pointer to class: 0x0000000800002000
picocli.CommandLine$IParseResultHandler2 {0x0000000800002000}
 - instance size:     2
 - klass size:        64
 - access:            public interface abstract 
 - state:             linked
 - name:              'picocli/CommandLine$IParseResultHandler2'
 - super:             'java/lang/Object'
 - sub:               
 - nof implementors:  1
 - implementor:    
   'picocli/CommandLine$AbstractParseResultHandler'
 - arrays:            NULL
 - methods:           Array<T>(0x00007fb590415620)
 - method ordering:   Array<T>(0x00007fb590000018)
 - default_methods:   Array<T>(0x0000000000000000)
 - local interfaces:  Array<T>(0x00007fb590000058)
 - trans. interfaces: Array<T>(0x00007fb590000058)
 - constants:         constant pool [26] {0x00007fb5904154c8} for 'picocli/CommandLine$IParseResultHandler2' cache=0x00007fb590449ab0
 - class loader data:  loader data: 0x00007fb5c8250390 for instance a 'jdk/internal/loader/ClassLoaders$AppClassLoader'{0x000000068b814da0}
 - source file:       'CommandLine.java'
 - class annotations:       Array<T>(0x00007fb5904156c0)
 - class type annotations:  Array<T>(0x0000000000000000)
 - field annotations:       Array<T>(0x0000000000000000)
 - field type annotations:  Array<T>(0x0000000000000000)
 - generic signature: '<R:Ljava/lang/Object;>Ljava/lang/Object;'
 - inner classes:     Array<T>(0x00007fb5904156d0)
 - nest members:     Array<T>(0x00007fb590000028)
 - permitted subclasses:     Array<T>(0x00007fb590000028)
 - java mirror:       a 'java/lang/Class'{0x000000068bb20b10} = 'picocli/CommandLine$IParseResultHandler2'
 - vtable length      5  (start addr: 0x00000008000021d0)
 - itable length      0 (start addr: 0x00000008000021f8)
 - ---- static fields (0 words):
 - ---- non-static fields (0 words):
 - non-static oop maps: 
RDI=0x00007fb5c80c16b0 points into unknown readable memory: 0x00007fb5ce5cc650 | 50 c6 5c ce b5 7f 00 00
R8 =0x00007fb5cc544c80 points into unknown readable memory: 0x00007fb5ce5cc3f0 | f0 c3 5c ce b5 7f 00 00
R9 =0x000000000000000a is an unknown value
R10=65536 is a compressed pointer to class: 0x0000000800010000
java.lang.NoSuchMethodException {0x0000000800010000}
 - instance size:     5
 - klass size:        76
 - access:            public synchronized 
 - state:             fully_initialized
 - name:              'java/lang/NoSuchMethodException'
 - super:             'java/lang/ReflectiveOperationException'
 - sub:               
 - arrays:            NULL
 - methods:           Array<T>(0x00007fb590397120)
 - method ordering:   Array<T>(0x00007fb590000018)
 - default_methods:   Array<T>(0x0000000000000000)
 - local interfaces:  Array<T>(0x00007fb590000058)
 - trans. interfaces: Array<T>(0x00007fb590025da8)
 - constants:         constant pool [18] {0x00007fb590397018} for 'java/lang/NoSuchMethodException' cache=0x00007fb590b7a840
 - class loader data:  loader data: 0x00007fb5c815dac0 of 'bootstrap'
 - class annotations:       Array<T>(0x0000000000000000)
 - class type annotations:  Array<T>(0x0000000000000000)
 - field annotations:       Array<T>(0x0000000000000000)
 - field type annotations:  Array<T>(0x0000000000000000)
 - inner classes:     Array<T>(0x00007fb590000028)
 - nest members:     Array<T>(0x00007fb590000028)
 - permitted subclasses:     Array<T>(0x00007fb590000028)
 - java mirror:       a 'java/lang/Class'{0x000000068b829ef0} = 'java/lang/NoSuchMethodException'
 - vtable length      15  (start addr: 0x00000008000101d0)
 - itable length      2 (start addr: 0x0000000800010248)
 - ---- static fields (1 words):
 - private static final 'serialVersionUID' 'J' @112 
 - ---- non-static fields (6 words):
 - private transient 'depth' 'I' @12 
 - private transient 'backtrace' 'Ljava/lang/Object;' @16 
 - private 'detailMessage' 'Ljava/lang/String;' @20 
 - private 'cause' 'Ljava/lang/Throwable;' @24 
 - private 'stackTrace' '[Ljava/lang/StackTraceElement;' @28 
 - private 'suppressedExceptions' 'Ljava/util/List;' @32 
 - non-static oop maps: 16-32 
R11=0x0000000000000010 is an unknown value
R12=0x00007fb5c80c16b0 points into unknown readable memory: 0x00007fb5ce5cc650 | 50 c6 5c ce b5 7f 00 00
R13=0x00007fb5c80aeb50 points into unknown readable memory: 0x00007fb5c80bb120 | 20 b1 0b c8 b5 7f 00 00
R14=0x000000068e162174 is pointing into object: [Ljava.util.concurrent.ConcurrentHashMap$Node; 
{0x000000068e161d78} - klass: 'java/util/concurrent/ConcurrentHashMap$Node'[]
 - length: 512
R15=0x000000068e162588 is an oop: java.util.concurrent.ConcurrentHashMap$Node 
{0x000000068e162588} - klass: 'java/util/concurrent/ConcurrentHashMap$Node'
 - ---- fields (total size 4 words):
 - final 'hash' 'I' @12  1856920113 (6eae5a31)
 - final 'key' 'Ljava/lang/Object;' @16  "ClassRealm{go}-org.sonar.go.plugin.InstanceScopeGoConverter"{0x000000068e0ebe78} (d1c1d7cf)
 - volatile 'val' 'Ljava/lang/Object;' @20  a 'org/sonarsource/sonarlint/core/plugin/commons/container/ClassDerivedBeanDefinition'{0x000000068e1625a8} (d1c2c4b5)
 - volatile 'next' 'Ljava/util/concurrent/ConcurrentHashMap$Node;' @24  NULL (0)


Registers:
RAX=0x0000000000000000, RBX=0x00007fb5ce6c4265, RCX=0x0000000000000016, RDX=0x0000000000000000
RSP=0x00007fb5cc544b90, RBP=0x00007fb5cc544be0, RSI=0x0000000000002000, RDI=0x00007fb5c80c16b0
R8 =0x00007fb5cc544c80, R9 =0x000000000000000a, R10=0x0000000000010000, R11=0x0000000000000010
R12=0x00007fb5c80c16b0, R13=0x00007fb5c80aeb50, R14=0x000000068e162174, R15=0x000000068e162588
RIP=0x00007fb5cda9d02e, EFLAGS=0x0000000000010246, CSGSFS=0x002b000000000033, ERR=0x0000000000000004
  TRAPNO=0x000000000000000e

Top of Stack: (sp=0x00007fb5cc544b90)
0x00007fb5cc544b90:   0000000000000000 000000068e161d38
0x00007fb5cc544ba0:   0000000800052c78 0000000800052c70
0x00007fb5cc544bb0:   0000000000000010 00007fb5c80c16b0
0x00007fb5cc544bc0:   000000068e161d78 0000000000000102 

Instructions: (pc=0x00007fb5cda9d02e)
0x00007fb5cda9cf2e:   39 f0 0f 84 4a fd ff ff 4c 89 45 c0 4c 89 fe 44
0x00007fb5cda9cf3e:   89 4d c8 ff d0 4c 8b 45 c0 44 8b 4d c8 48 63 d0
0x00007fb5cda9cf4e:   e9 2d fd ff ff 66 2e 0f 1f 84 00 00 00 00 00 0f
0x00007fb5cda9cf5e:   1f 00 55 48 89 e5 41 57 49 89 ff 41 56 41 55 41
0x00007fb5cda9cf6e:   54 49 89 f4 53 48 83 ec 28 48 8d 1d e7 72 c2 00
0x00007fb5cda9cf7e:   80 3b 00 0f 84 d1 03 00 00 48 8d 15 92 03 be 00
0x00007fb5cda9cf8e:   8b 46 08 8b 4a 08 48 d3 e0 48 03 02 41 8b 57 10
0x00007fb5cda9cf9e:   48 8b b8 98 00 00 00 31 c9 4c 89 fe e8 01 da ea
0x00007fb5cda9cfae:   ff 80 3b 01 48 19 c0 83 e0 04 80 3b 01 48 19 d2
0x00007fb5cda9cfbe:   49 63 44 04 0c 83 e2 08 4d 8d 74 14 10 4d 8d 2c
0x00007fb5cda9cfce:   86 4d 39 ee 0f 83 e5 00 00 00 4d 89 f8 4d 89 ef
0x00007fb5cda9cfde:   66 90 4d 8b 60 20 49 83 84 24 b8 00 00 00 01 41
0x00007fb5cda9cfee:   8b 36 85 f6 0f 84 b8 00 00 00 48 8d 05 31 03 be
0x00007fb5cda9cffe:   00 8b 48 08 48 d3 e6 48 03 30 0f 84 a2 00 00 00
0x00007fb5cda9d00e:   4d 8b 6c 24 20 48 89 f2 49 8b 45 08 8b 88 c0 01
0x00007fb5cda9d01e:   00 00 48 8b 80 b0 01 00 00 48 d3 ea 48 8b 04 d0
0x00007fb5cda9d02e:   48 3b b0 e8 00 00 00 73 79 49 8b 95 98 00 00 00
0x00007fb5cda9d03e:   48 8d 3d eb c7 ff ff 45 8b 4c 24 10 48 8b 02 48
0x00007fb5cda9d04e:   8b 00 48 39 f8 0f 85 cf 02 00 00 48 89 f1 48 2b
0x00007fb5cda9d05e:   4a 08 41 ba 01 00 00 00 48 89 c8 8b 4a 18 48 c1
0x00007fb5cda9d06e:   e8 03 48 d3 e8 48 89 c1 48 89 c7 48 8b 42 20 48
0x00007fb5cda9d07e:   c1 ef 06 83 e1 3f 48 8d 3c f8 49 d3 e2 48 8b 0f
0x00007fb5cda9d08e:   eb 10 48 89 c8 f0 48 0f b1 17 48 39 c1 74 33 48
0x00007fb5cda9d09e:   89 c1 4c 89 d2 48 09 ca 48 39 d1 75 e5 0f 1f 44
0x00007fb5cda9d0ae:   00 00 49 83 c6 04 4d 39 f7 0f 87 23 ff ff ff 48
0x00007fb5cda9d0be:   83 c4 28 5b 41 5c 41 5d 41 5e 41 5f 5d c3 0f 1f
0x00007fb5cda9d0ce:   40 00 0f b6 03 84 c0 0f 84 55 01 00 00 48 8d 15
0x00007fb5cda9d0de:   3e 02 be 00 8b 7e 08 8b 4a 08 48 d3 e7 48 03 3a
0x00007fb5cda9d0ee:   8b 4f 08 85 c9 0f 8e 46 01 00 00 f6 c1 01 0f 85
0x00007fb5cda9d0fe:   76 02 00 00 c1 f9 03 48 63 d1 49 8b 85 08 03 00
0x00007fb5cda9d10e:   00 4a 8b 3c c8 49 89 f1 48 8b 47 18 8b 88 c0 01
0x00007fb5cda9d11e:   00 00 48 8b 80 b8 01 00 00 48 d3 e0 49 29 c1 48 


Stack slot to memory mapping:
stack at sp + 0 slots: 0x0 is NULL
stack at sp + 1 slots: 0x000000068e161d38 is an oop: java.util.concurrent.ConcurrentHashMap 
{0x000000068e161d38} - klass: 'java/util/concurrent/ConcurrentHashMap'
 - ---- fields (total size 8 words):
 - transient 'keySet' 'Ljava/util/Set;' @12  NULL (0)
 - transient 'values' 'Ljava/util/Collection;' @16  NULL (0)
 - private volatile transient 'sizeCtl' 'I' @20  384 (180)
 - private volatile transient 'baseCount' 'J' @24  21 (15 0)
 - private volatile transient 'transferIndex' 'I' @32  0
 - private volatile transient 'cellsBusy' 'I' @36  0
 - volatile transient 'table' '[Ljava/util/concurrent/ConcurrentHashMap$Node;' @40  a 'java/util/concurrent/ConcurrentHashMap$Node'[512] {0x000000068e161d78} (d1c2c3af)
 - private volatile transient 'nextTable' '[Ljava/util/concurrent/ConcurrentHashMap$Node;' @44  NULL (0)
 - private volatile transient 'counterCells' '[Ljava/util/concurrent/ConcurrentHashMap$CounterCell;' @48  NULL (0)
 - private transient 'keySet' 'Ljava/util/concurrent/ConcurrentHashMap$KeySetView;' @52  NULL (0)
 - private transient 'values' 'Ljava/util/concurrent/ConcurrentHashMap$ValuesView;' @56  NULL (0)
 - private transient 'entrySet' 'Ljava/util/concurrent/ConcurrentHashMap$EntrySetView;' @60  NULL (0)
stack at sp + 2 slots: 0x0000000800052c78 is a pointer to class: 
java.lang.Iterable {0x0000000800052c78}
 - instance size:     2
 - klass size:        64
 - access:            public interface abstract 
 - state:             fully_initialized
 - name:              'java/lang/Iterable'
 - super:             'java/lang/Object'
 - sub:               
 - nof implementors:  2
 - arrays:            'java/lang/Iterable'[]
 - methods:           Array<T>(0x00007fb5900d2508)
 - method ordering:   Array<T>(0x00007fb590000018)
 - default_methods:   Array<T>(0x0000000000000000)
 - local interfaces:  Array<T>(0x00007fb590000058)
 - trans. interfaces: Array<T>(0x00007fb590000058)
 - constants:         constant pool [48] {0x00007fb5900d22f8} for 'java/lang/Iterable' cache=0x00007fb59011a928
 - class loader data:  loader data: 0x00007fb5c815dac0 of 'bootstrap'
 - class annotations:       Array<T>(0x0000000000000000)
 - class type annotations:  Array<T>(0x0000000000000000)
 - field annotations:       Array<T>(0x0000000000000000)
 - field type annotations:  Array<T>(0x0000000000000000)
 - generic signature: '<T:Ljava/lang/Object;>Ljava/lang/Object;'
 - inner classes:     Array<T>(0x00007fb590000028)
 - nest members:     Array<T>(0x00007fb590000028)
 - permitted subclasses:     Array<T>(0x00007fb590000028)
 - java mirror:       a 'java/lang/Class'{0x000000068bb70df0} = 'java/lang/Iterable'
 - vtable length      5  (start addr: 0x0000000800052e48)
 - itable length      0 (start addr: 0x0000000800052e70)
 - ---- static fields (0 words):
 - ---- non-static fields (0 words):
 - non-static oop maps: 
stack at sp + 3 slots: 0x0000000800052c70 is pointing into metadata
stack at sp + 4 slots: 0x0000000000000010 is an unknown value
stack at sp + 5 slots: 0x00007fb5c80c16b0 points into unknown readable memory: 0x00007fb5ce5cc650 | 50 c6 5c ce b5 7f 00 00
stack at sp + 6 slots: 0x000000068e161d78 is an oop: [Ljava.util.concurrent.ConcurrentHashMap$Node; 
{0x000000068e161d78} - klass: 'java/util/concurrent/ConcurrentHashMap$Node'[]
 - length: 512
stack at sp + 7 slots: 0x0000000000000102 is an unknown value


---------------  P R O C E S S  ---------------

Threads class SMR info:
_java_thread_list=0x00007fb4c47b6080, length=43, elements={
0x00007fb5c8026100, 0x00007fb5c81d4020, 0x00007fb5c81d55d0, 0x00007fb5c81f7980,
0x00007fb5c81fb290, 0x00007fb5c81fc260, 0x00007fb5c81fd8f0, 0x00007fb5c81fede0,
0x00007fb5c8208270, 0x00007fb5c82850e0, 0x00007fb5c828d9c0, 0x00007fb5c86cebd0,
0x00007fb5c884fac0, 0x00007fb53401d3d0, 0x00007fb53002db70, 0x00007fb53002fff0,
0x00007fb530031560, 0x00007fb53432ed80, 0x00007fb500000ff0, 0x00007fb5000020c0,
0x00007fb5000031a0, 0x00007fb5000041b0, 0x00007fb5000051c0, 0x00007fb5000061d0,
0x00007fb5000071e0, 0x00007fb5000081f0, 0x00007fb534333460, 0x00007fb5343772a0,
0x00007fb53437b900, 0x00007fb55c482630, 0x00007fb55c486970, 0x00007fb518022b20,
0x00007fb5188f2780, 0x00007fb5188fd6b0, 0x00007fb4c4367510, 0x00007fb4c4367e60,
0x00007fb4c43a8ab0, 0x00007fb5300274a0, 0x00007fb4b800a9a0, 0x00007fb4b80100b0,
0x00007fb4b8009fd0, 0x00007fb4b80107c0, 0x00007fb4c473e9a0
}

Java Threads: ( => current thread )
  0x00007fb5c8026100 JavaThread "main" [_thread_blocked, id=638748, stack(0x00007fb5cd1d2000,0x00007fb5cd2d2000)]
  0x00007fb5c81d4020 JavaThread "Reference Handler" daemon [_thread_blocked, id=638755, stack(0x00007fb599d7d000,0x00007fb599e7d000)]
  0x00007fb5c81d55d0 JavaThread "Finalizer" daemon [_thread_blocked, id=638756, stack(0x00007fb599c7d000,0x00007fb599d7d000)]
  0x00007fb5c81f7980 JavaThread "Signal Dispatcher" daemon [_thread_blocked, id=638757, stack(0x00007fb599609000,0x00007fb599709000)]
  0x00007fb5c81fb290 JavaThread "Service Thread" daemon [_thread_blocked, id=638758, stack(0x00007fb599509000,0x00007fb599609000)]
  0x00007fb5c81fc260 JavaThread "Monitor Deflation Thread" daemon [_thread_blocked, id=638759, stack(0x00007fb599409000,0x00007fb599509000)]
  0x00007fb5c81fd8f0 JavaThread "C2 CompilerThread0" daemon [_thread_blocked, id=638760, stack(0x00007fb599309000,0x00007fb599409000)]
  0x00007fb5c81fede0 JavaThread "C1 CompilerThread0" daemon [_thread_blocked, id=638761, stack(0x00007fb599209000,0x00007fb599309000)]
  0x00007fb5c8208270 JavaThread "Sweeper thread" daemon [_thread_blocked, id=638762, stack(0x00007fb599109000,0x00007fb599209000)]
  0x00007fb5c82850e0 JavaThread "Notification Thread" daemon [_thread_blocked, id=638763, stack(0x00007fb599009000,0x00007fb599109000)]
  0x00007fb5c828d9c0 JavaThread "Common-Cleaner" daemon [_thread_blocked, id=638766, stack(0x00007fb598e07000,0x00007fb598f07000)]
  0x00007fb5c86cebd0 JavaThread "Binding updates checker" [_thread_blocked, id=638805, stack(0x00007fb59819e000,0x00007fb59829e000)]
  0x00007fb5c884fac0 JavaThread "SonarLint LSP message processor" [_thread_in_native, id=638806, stack(0x00007fb5984b8000,0x00007fb5985b8000)]
  0x00007fb53401d3d0 JavaThread "sonarlint-auto-trigger" daemon [_thread_blocked, id=638809, stack(0x00007fb59809e000,0x00007fb59819e000)]
  0x00007fb53002db70 JavaThread "SonarLint Language Server Branch Manager" [_thread_blocked, id=638811, stack(0x00007fb527f00000,0x00007fb528000000)]
  0x00007fb53002fff0 JavaThread "SonarLint Language Server Analysis Scheduler" [_thread_blocked, id=638812, stack(0x00007fb527e00000,0x00007fb527f00000)]
  0x00007fb530031560 JavaThread "SonarLint Language Server Analysis Scheduler" [_thread_blocked, id=638813, stack(0x00007fb527d00000,0x00007fb527e00000)]
  0x00007fb53432ed80 JavaThread "httpclient-main-1" daemon [_thread_blocked, id=638822, stack(0x00007fb5277fe000,0x00007fb5278fe000)]
  0x00007fb500000ff0 JavaThread "httpclient-dispatch-1" daemon [_thread_in_native, id=638823, stack(0x00007fb5276fe000,0x00007fb5277fe000)]
  0x00007fb5000020c0 JavaThread "httpclient-dispatch-2" daemon [_thread_in_native, id=638824, stack(0x00007fb5275fe000,0x00007fb5276fe000)]
  0x00007fb5000031a0 JavaThread "httpclient-dispatch-3" daemon [_thread_in_native, id=638825, stack(0x00007fb5274fe000,0x00007fb5275fe000)]
  0x00007fb5000041b0 JavaThread "httpclient-dispatch-4" daemon [_thread_in_native, id=638826, stack(0x00007fb5273fe000,0x00007fb5274fe000)]
  0x00007fb5000051c0 JavaThread "httpclient-dispatch-5" daemon [_thread_in_native, id=638827, stack(0x00007fb5272fe000,0x00007fb5273fe000)]
  0x00007fb5000061d0 JavaThread "httpclient-dispatch-6" daemon [_thread_in_native, id=638828, stack(0x00007fb5271fe000,0x00007fb5272fe000)]
  0x00007fb5000071e0 JavaThread "httpclient-dispatch-7" daemon [_thread_in_native, id=638829, stack(0x00007fb5270fe000,0x00007fb5271fe000)]
  0x00007fb5000081f0 JavaThread "httpclient-dispatch-8" daemon [_thread_in_native, id=638830, stack(0x00007fb526ffe000,0x00007fb5270fe000)]
  0x00007fb534333460 JavaThread "HTTP-listener-64120-1" [_thread_in_native, id=638831, stack(0x00007fb526efe000,0x00007fb526ffe000)]
  0x00007fb5343772a0 JavaThread "SonarLint Local Storage Synchronizer" daemon [_thread_blocked, id=638832, stack(0x00007fb526dfe000,0x00007fb526efe000)]
  0x00007fb53437b900 JavaThread "Smart Notifications Polling" daemon [_thread_blocked, id=638833, stack(0x00007fb526cfe000,0x00007fb526dfe000)]
  0x00007fb55c482630 JavaThread "SonarLint Client Events Processor" [_thread_blocked, id=638834, stack(0x00007fb526bfe000,0x00007fb526cfe000)]
  0x00007fb55c486970 JavaThread "SonarLint Telemetry" [_thread_blocked, id=638835, stack(0x00007fb526afe000,0x00007fb526bfe000)]
  0x00007fb518022b20 JavaThread "process reaper (pid 638914)" daemon [_thread_in_native, id=638837, stack(0x00007fb598ce5000,0x00007fb598d07000)]
  0x00007fb5188f2780 JavaThread "HttpClient-1-SelectorManager" daemon [_thread_in_native, id=638896, stack(0x00007fb5266fe000,0x00007fb5267fe000)]
  0x00007fb5188fd6b0 JavaThread "sonarlint-analysis-engine" [_thread_blocked, id=638897, stack(0x00007fb5267fe000,0x00007fb5268fe000)]
  0x00007fb4c4367510 JavaThread "nodejs-stream-consumer" daemon [_thread_in_native, id=638915, stack(0x00007fb5278fe000,0x00007fb5279fe000)]
  0x00007fb4c4367e60 JavaThread "nodejs-stream-consumer" daemon [_thread_in_native, id=638916, stack(0x00007fb527b00000,0x00007fb527c00000)]
  0x00007fb4c43a8ab0 JavaThread "pool-3-thread-1" [_thread_blocked, id=638927, stack(0x00007fb5263fc000,0x00007fb5264fc000)]
  0x00007fb5300274a0 JavaThread "ForkJoinPool.commonPool-worker-12" daemon [_thread_blocked, id=645546, stack(0x00007fb5983b8000,0x00007fb5984b8000)]
  0x00007fb4b800a9a0 JavaThread "HttpClient-1-Worker-11" daemon [_thread_blocked, id=646099, stack(0x00007fb5269fe000,0x00007fb526afe000)]
  0x00007fb4b80100b0 JavaThread "HttpClient-1-Worker-14" daemon [_thread_blocked, id=651386, stack(0x00007fb598d07000,0x00007fb598e07000)]
  0x00007fb4b8009fd0 JavaThread "HttpClient-1-Worker-15" daemon [_thread_blocked, id=653023, stack(0x00007fb5262fc000,0x00007fb5263fc000)]
  0x00007fb4b80107c0 JavaThread "HttpClient-1-Worker-16" daemon [_thread_blocked, id=653408, stack(0x00007fb527c00000,0x00007fb527d00000)]
  0x00007fb4c473e9a0 JavaThread "Progress of JavaScript/TypeScript analysis" daemon [_thread_blocked, id=653490, stack(0x00007fb5264fc000,0x00007fb5265fc000)]

Other Threads:
  0x00007fb5c817f8d0 VMThread "VM Thread" [stack: 0x00007fb599e7f000,0x00007fb599f7f000] [id=638754]
  0x00007fb5c81886b0 WatcherThread [stack: 0x00007fb598f09000,0x00007fb599009000] [id=638764]
  0x00007fb5c80ae0e0 GCTaskThread "GC Thread#0" [stack: 0x00007fb5cc64a000,0x00007fb5cc74a000] [id=638749]
  0x00007fb588005ef0 GCTaskThread "GC Thread#1" [stack: 0x00007fb598bc6000,0x00007fb598cc6000] [id=638790]
  0x00007fb588006920 GCTaskThread "GC Thread#2" [stack: 0x00007fb598ac4000,0x00007fb598bc4000] [id=638791]
  0x00007fb588007350 GCTaskThread "GC Thread#3" [stack: 0x00007fb5989c2000,0x00007fb598ac2000] [id=638792]
  0x00007fb588007d80 GCTaskThread "GC Thread#4" [stack: 0x00007fb5988c0000,0x00007fb5989c0000] [id=638793]
  0x00007fb5880087b0 GCTaskThread "GC Thread#5" [stack: 0x00007fb5987be000,0x00007fb5988be000] [id=638794]
  0x00007fb5880091e0 GCTaskThread "GC Thread#6" [stack: 0x00007fb5986bc000,0x00007fb5987bc000] [id=638795]
  0x00007fb588009c50 GCTaskThread "GC Thread#7" [stack: 0x00007fb5985ba000,0x00007fb5986ba000] [id=638796]
  0x00007fb5c80bb120 ConcurrentGCThread "G1 Main Marker" [stack: 0x00007fb5cc548000,0x00007fb5cc648000] [id=638750]
=>0x00007fb5c80bc090 ConcurrentGCThread "G1 Conc#0" [stack: 0x00007fb5cc446000,0x00007fb5cc546000] [id=638751]
  0x00007fb59c000eb0 ConcurrentGCThread "G1 Conc#1" [stack: 0x00007fb527a00000,0x00007fb527b00000] [id=638819]
  0x00007fb5c814cb60 ConcurrentGCThread "G1 Refine#0" [stack: 0x00007fb5a81b5000,0x00007fb5a82b5000] [id=638752]
  0x00007fb594003600 ConcurrentGCThread "G1 Refine#1" [stack: 0x00007fb5265fe000,0x00007fb5266fe000] [id=638910]
  0x00007fb5c814da50 ConcurrentGCThread "G1 Service" [stack: 0x00007fb5a80b3000,0x00007fb5a81b3000] [id=638753]

Threads with active compile tasks:

VM state: not at safepoint (normal execution)

VM Mutex/Monitor currently owned by a thread: None

Heap address: 0x000000068b800000, size: 5960 MB, Compressed Oops mode: Zero based, Oop shift amount: 3

CDS archive(s) not mapped
Compressed class space mapped at: 0x0000000800000000-0x0000000840000000, reserved size: 1073741824
Narrow klass base: 0x0000000800000000, Narrow klass shift: 0, Narrow klass range: 0x40000000

GC Precious Log:
 CPUs: 8 total, 8 available
 Memory: 23825M
 Large Page Support: Disabled
 NUMA Support: Disabled
 Compressed Oops: Enabled (Zero based)
 Heap Region Size: 4M
 Heap Min Capacity: 8M
 Heap Initial Capacity: 376M
 Heap Max Capacity: 5960M
 Pre-touch: Disabled
 Parallel Workers: 8
 Concurrent Workers: 2
 Concurrent Refinement Workers: 8
 Periodic GC: Disabled

Heap:
 garbage-first heap   total 180224K, used 88297K [0x000000068b800000, 0x0000000800000000)
  region size 4096K, 4 young (16384K), 2 survivors (8192K)
 Metaspace       used 72569K, committed 75648K, reserved 1179648K
  class space    used 8531K, committed 9856K, reserved 1048576K

Heap Regions: E=young(eden), S=young(survivor), O=old, HS=humongous(starts), HC=humongous(continues), CS=collection set, F=free, OA=open archive, CA=closed archive, TAMS=top-at-mark-start (previous, next)
|   0|0x000000068b800000, 0x000000068bc00000, 0x000000068bc00000|100%| O|  |TAMS 0x000000068bc00000, 0x000000068bc00000| Untracked 
|   1|0x000000068bc00000, 0x000000068c000000, 0x000000068c000000|100%| O|  |TAMS 0x000000068c000000, 0x000000068c000000| Untracked 
|   2|0x000000068c000000, 0x000000068c400000, 0x000000068c400000|100%| O|  |TAMS 0x000000068c400000, 0x000000068c400000| Untracked 
|   3|0x000000068c400000, 0x000000068c800000, 0x000000068c800000|100%| O|  |TAMS 0x000000068c800000, 0x000000068c800000| Untracked 
|   4|0x000000068c800000, 0x000000068cc00000, 0x000000068cc00000|100%| O|  |TAMS 0x000000068cc00000, 0x000000068cc00000| Untracked 
|   5|0x000000068cc00000, 0x000000068d000000, 0x000000068d000000|100%| O|  |TAMS 0x000000068d000000, 0x000000068d000000| Untracked 
|   6|0x000000068d000000, 0x000000068d400000, 0x000000068d400000|100%| O|  |TAMS 0x000000068d400000, 0x000000068d400000| Untracked 
|   7|0x000000068d400000, 0x000000068d800000, 0x000000068d800000|100%| O|  |TAMS 0x000000068d800000, 0x000000068d800000| Untracked 
|   8|0x000000068d800000, 0x000000068dc00000, 0x000000068dc00000|100%| O|  |TAMS 0x000000068dc00000, 0x000000068dc00000| Untracked 
|   9|0x000000068dc00000, 0x000000068e000000, 0x000000068e000000|100%| O|  |TAMS 0x000000068dc00000, 0x000000068e000000| Untracked 
|  10|0x000000068e000000, 0x000000068e400000, 0x000000068e400000|100%| O|  |TAMS 0x000000068e400000, 0x000000068e400000| Untracked 
|  11|0x000000068e400000, 0x000000068e800000, 0x000000068e800000|100%| O|  |TAMS 0x000000068e800000, 0x000000068e800000| Untracked 
|  12|0x000000068e800000, 0x000000068ec00000, 0x000000068ec00000|100%| O|  |TAMS 0x000000068e800000, 0x000000068ec00000| Untracked 
|  13|0x000000068ec00000, 0x000000068f000000, 0x000000068f000000|100%| O|  |TAMS 0x000000068ec00000, 0x000000068f000000| Untracked 
|  14|0x000000068f000000, 0x000000068f400000, 0x000000068f400000|100%| O|  |TAMS 0x000000068f000000, 0x000000068f400000| Untracked 
|  15|0x000000068f400000, 0x000000068f800000, 0x000000068f800000|100%| O|  |TAMS 0x000000068f400000, 0x000000068f800000| Untracked 
|  16|0x000000068f800000, 0x000000068fc00000, 0x000000068fc00000|100%| O|  |TAMS 0x000000068f800000, 0x000000068fc00000| Untracked 
|  17|0x000000068fc00000, 0x0000000690000000, 0x0000000690000000|100%| O|  |TAMS 0x000000068fc00000, 0x0000000690000000| Untracked 
|  18|0x0000000690000000, 0x00000006900aac00, 0x0000000690400000| 16%| O|  |TAMS 0x0000000690000000, 0x000000069004a200| Untracked 
|  19|0x0000000690400000, 0x0000000690800000, 0x0000000690800000|100%| O|  |TAMS 0x0000000690400000, 0x0000000690800000| Untracked 
|  20|0x0000000690800000, 0x0000000690800000, 0x0000000690c00000|  0%| F|  |TAMS 0x0000000690800000, 0x0000000690800000| Untracked 
|  21|0x0000000690c00000, 0x0000000690c00000, 0x0000000691000000|  0%| F|  |TAMS 0x0000000690c00000, 0x0000000690c00000| Untracked 
|  22|0x0000000691000000, 0x0000000691000000, 0x0000000691400000|  0%| F|  |TAMS 0x0000000691000000, 0x0000000691000000| Untracked 
|  23|0x0000000691400000, 0x0000000691400000, 0x0000000691800000|  0%| F|  |TAMS 0x0000000691400000, 0x0000000691400000| Untracked 
|  24|0x0000000691800000, 0x0000000691800000, 0x0000000691c00000|  0%| F|  |TAMS 0x0000000691800000, 0x0000000691800000| Untracked 
|  25|0x0000000691c00000, 0x0000000691c00000, 0x0000000692000000|  0%| F|  |TAMS 0x0000000691c00000, 0x0000000691c00000| Untracked 
|  26|0x0000000692000000, 0x0000000692000000, 0x0000000692400000|  0%| F|  |TAMS 0x0000000692000000, 0x0000000692000000| Untracked 
|  27|0x0000000692400000, 0x0000000692400000, 0x0000000692800000|  0%| F|  |TAMS 0x0000000692400000, 0x0000000692400000| Untracked 
|  28|0x0000000692800000, 0x0000000692800000, 0x0000000692c00000|  0%| F|  |TAMS 0x0000000692800000, 0x0000000692800000| Untracked 
|  29|0x0000000692c00000, 0x0000000692d8fa18, 0x0000000693000000| 39%| S|CS|TAMS 0x0000000692c00000, 0x0000000692c00000| Complete 
|  30|0x0000000693000000, 0x0000000693400000, 0x0000000693400000|100%| S|CS|TAMS 0x0000000693000000, 0x0000000693000000| Complete 
|  31|0x0000000693400000, 0x0000000693400000, 0x0000000693800000|  0%| F|  |TAMS 0x0000000693400000, 0x0000000693400000| Untracked 
|  32|0x0000000693800000, 0x0000000693800000, 0x0000000693c00000|  0%| F|  |TAMS 0x0000000693800000, 0x0000000693800000| Untracked 
|  33|0x0000000693c00000, 0x0000000693c00000, 0x0000000694000000|  0%| F|  |TAMS 0x0000000693c00000, 0x0000000693c00000| Untracked 
|  34|0x0000000694000000, 0x0000000694000000, 0x0000000694400000|  0%| F|  |TAMS 0x0000000694000000, 0x0000000694000000| Untracked 
|  35|0x0000000694400000, 0x0000000694400000, 0x0000000694800000|  0%| F|  |TAMS 0x0000000694400000, 0x0000000694400000| Untracked 
|  36|0x0000000694800000, 0x0000000694800000, 0x0000000694c00000|  0%| F|  |TAMS 0x0000000694800000, 0x0000000694800000| Untracked 
|  37|0x0000000694c00000, 0x0000000694c00000, 0x0000000695000000|  0%| F|  |TAMS 0x0000000694c00000, 0x0000000694c00000| Untracked 
|  38|0x0000000695000000, 0x0000000695000000, 0x0000000695400000|  0%| F|  |TAMS 0x0000000695000000, 0x0000000695000000| Untracked 
|  39|0x0000000695400000, 0x0000000695400000, 0x0000000695800000|  0%| F|  |TAMS 0x0000000695400000, 0x0000000695400000| Untracked 
|  40|0x0000000695800000, 0x0000000695800000, 0x0000000695c00000|  0%| F|  |TAMS 0x0000000695800000, 0x0000000695800000| Untracked 
|  41|0x0000000695c00000, 0x0000000695c00000, 0x0000000696000000|  0%| F|  |TAMS 0x0000000695c00000, 0x0000000695c00000| Untracked 
|  42|0x0000000696000000, 0x0000000696128b70, 0x0000000696400000| 28%| E|  |TAMS 0x0000000696000000, 0x0000000696000000| Complete 
|  93|0x00000006a2c00000, 0x00000006a3000000, 0x00000006a3000000|100%| E|CS|TAMS 0x00000006a2c00000, 0x00000006a2c00000| Complete 

Card table byte_map: [0x00007fb5b4c9d000,0x00007fb5b5841000] _byte_map_base: 0x00007fb5b1841000

Marking Bits (Prev, Next): (CMBitMap*) 0x00007fb5c80aeb60, (CMBitMap*) 0x00007fb5c80aeba0
 Prev Bits: [0x00007fb5ae3d9000, 0x00007fb5b40f9000)
 Next Bits: [0x00007fb5a86b9000, 0x00007fb5ae3d9000)

Polling page: 0x00007fb5ce982000

Metaspace:

Usage:
  Non-class:     62,54 MB used.
      Class:      8,33 MB used.
       Both:     70,87 MB used.

Virtual space:
  Non-class space:      128,00 MB reserved,      64,25 MB ( 50%) committed,  2 nodes.
      Class space:        1,00 GB reserved,       9,62 MB ( <1%) committed,  1 nodes.
             Both:        1,12 GB reserved,      73,88 MB (  6%) committed. 

Chunk freelists:
   Non-Class:  15,40 MB
       Class:  6,29 MB
        Both:  21,69 MB

MaxMetaspaceSize: unlimited
CompressedClassSpaceSize: 1,00 GB
Initial GC threshold: 21,00 MB
Current GC threshold: 112,94 MB
CDS: off
MetaspaceReclaimPolicy: balanced
 - commit_granule_bytes: 65536.
 - commit_granule_words: 8192.
 - virtual_space_node_default_size: 8388608.
 - enlarge_chunks_in_place: 1.
 - new_chunks_are_fully_committed: 0.
 - uncommit_free_chunks: 1.
 - use_allocation_guard: 0.
 - handle_deallocations: 1.


Internal statistics:

num_allocs_failed_limit: 9.
num_arena_births: 4526.
num_arena_deaths: 668.
num_vsnodes_births: 3.
num_vsnodes_deaths: 0.
num_space_committed: 1225.
num_space_uncommitted: 43.
num_chunks_returned_to_freelist: 1303.
num_chunks_taken_from_freelist: 9585.
num_chunk_merges: 529.
num_chunk_splits: 5828.
num_chunks_enlarged: 2852.
num_inconsistent_stats: 0.

CodeHeap 'non-profiled nmethods': size=120028Kb used=12673Kb max_used=12673Kb free=107354Kb
 bounds [0x00007fb5bdeae000, 0x00007fb5beb1e000, 0x00007fb5c53e5000]
CodeHeap 'profiled nmethods': size=120028Kb used=23652Kb max_used=23652Kb free=96375Kb
 bounds [0x00007fb5b63e5000, 0x00007fb5b7b05000, 0x00007fb5bd91c000]
CodeHeap 'non-nmethods': size=5704Kb used=1281Kb max_used=1361Kb free=4423Kb
 bounds [0x00007fb5bd91c000, 0x00007fb5bdb8c000, 0x00007fb5bdeae000]
 total_blobs=11623 nmethods=11034 adapters=502
 compilation: enabled
              stopped_count=0, restarted_count=0
 full_count=0

Compilation events (20 events):
Event: 4476,393 Thread 0x00007fb5c81fd8f0 13423       4       org.sonarsource.sonarlint.shaded.org.springframework.beans.AbstractNestablePropertyAccessor::setWrappedInstance (75 bytes)
Event: 4476,396 Thread 0x00007fb5c81fd8f0 nmethod 13423 0x00007fb5beb05c10 code [0x00007fb5beb05da0, 0x00007fb5beb06378]
Event: 4476,421 Thread 0x00007fb5c81fd8f0 13424       4       java.util.regex.Matcher::replaceAll (59 bytes)
Event: 4476,443 Thread 0x00007fb5c81fd8f0 nmethod 13424 0x00007fb5beb06590 code [0x00007fb5beb06840, 0x00007fb5beb07f50]
Event: 4478,989 Thread 0x00007fb5c81fd8f0 13425       4       java.lang.String::join (52 bytes)
Event: 4479,006 Thread 0x00007fb5c81fd8f0 nmethod 13425 0x00007fb5beb08b90 code [0x00007fb5beb08d80, 0x00007fb5beb0a298]
Event: 4479,007 Thread 0x00007fb5c81fd8f0 13426   !   4       jdk.proxy2.$Proxy22::value (29 bytes)
Event: 4479,022 Thread 0x00007fb5c81fd8f0 nmethod 13426 0x00007fb5beb0ab90 code [0x00007fb5beb0ad80, 0x00007fb5beb0b888]
Event: 4481,241 Thread 0x00007fb5c81fede0 13427       3       com.google.gson.internal.LinkedTreeMap::find (284 bytes)
Event: 4481,242 Thread 0x00007fb5c81fede0 nmethod 13427 0x00007fb5b7afc790 code [0x00007fb5b7afcaa0, 0x00007fb5b7afddd0]
Event: 4482,999 Thread 0x00007fb5c81fd8f0 13428 %     4       org.apache.commons.io.input.BoundedReader::read @ 3 (50 bytes)
Event: 4483,004 Thread 0x00007fb5c81fd8f0 nmethod 13428% 0x00007fb5beb0c010 code [0x00007fb5beb0c1c0, 0x00007fb5beb0ca88]
Event: 4483,223 Thread 0x00007fb5c81fd8f0 13429       4       com.google.gson.stream.JsonReader::fillBuffer (168 bytes)
Event: 4483,227 Thread 0x00007fb5c81fd8f0 nmethod 13429 0x00007fb5beb0ce90 code [0x00007fb5beb0d040, 0x00007fb5beb0d938]
Event: 4483,568 Thread 0x00007fb5c81fede0 13430       1       org.eclipse.lsp4j.CodeAction::setCommand (6 bytes)
Event: 4483,568 Thread 0x00007fb5c81fede0 nmethod 13430 0x00007fb5beb0de90 code [0x00007fb5beb0e020, 0x00007fb5beb0e130]
Event: 4483,568 Thread 0x00007fb5c81fede0 13431       1       org.eclipse.lsp4j.CodeAction::setKind (6 bytes)
Event: 4483,568 Thread 0x00007fb5c81fede0 nmethod 13431 0x00007fb5beb0e190 code [0x00007fb5beb0e320, 0x00007fb5beb0e430]
Event: 4483,568 Thread 0x00007fb5c81fede0 13432       1       org.eclipse.lsp4j.CodeAction::setDiagnostics (6 bytes)
Event: 4483,568 Thread 0x00007fb5c81fede0 nmethod 13432 0x00007fb5beb0e490 code [0x00007fb5beb0e620, 0x00007fb5beb0e730]

GC Heap History (20 events):
Event: 4325,704 GC heap before
{Heap before GC invocations=114 (full 0):
 garbage-first heap   total 180224K, used 142118K [0x000000068b800000, 0x0000000800000000)
  region size 4096K, 18 young (73728K), 2 survivors (8192K)
 Metaspace       used 71483K, committed 74368K, reserved 1114112K
  class space    used 8482K, committed 9728K, reserved 1048576K
}
Event: 4325,705 GC heap after
{Heap after GC invocations=115 (full 0):
 garbage-first heap   total 180224K, used 76943K [0x000000068b800000, 0x0000000800000000)
  region size 4096K, 1 young (4096K), 1 survivors (4096K)
 Metaspace       used 71483K, committed 74368K, reserved 1114112K
  class space    used 8482K, committed 9728K, reserved 1048576K
}
Event: 4338,532 GC heap before
{Heap before GC invocations=115 (full 0):
 garbage-first heap   total 180224K, used 138383K [0x000000068b800000, 0x0000000800000000)
  region size 4096K, 17 young (69632K), 1 survivors (4096K)
 Metaspace       used 71584K, committed 74496K, reserved 1114112K
  class space    used 8487K, committed 9728K, reserved 1048576K
}
Event: 4338,540 GC heap after
{Heap after GC invocations=116 (full 0):
 garbage-first heap   total 180224K, used 81397K [0x000000068b800000, 0x0000000800000000)
  region size 4096K, 2 young (8192K), 2 survivors (8192K)
 Metaspace       used 71584K, committed 74496K, reserved 1114112K
  class space    used 8487K, committed 9728K, reserved 1048576K
}
Event: 4352,513 GC heap before
{Heap before GC invocations=116 (full 0):
 garbage-first heap   total 180224K, used 142837K [0x000000068b800000, 0x0000000800000000)
  region size 4096K, 17 young (69632K), 2 survivors (8192K)
 Metaspace       used 71719K, committed 74688K, reserved 1114112K
  class space    used 8494K, committed 9792K, reserved 1048576K
}
Event: 4352,515 GC heap after
{Heap after GC invocations=117 (full 0):
 garbage-first heap   total 180224K, used 77189K [0x000000068b800000, 0x0000000800000000)
  region size 4096K, 1 young (4096K), 1 survivors (4096K)
 Metaspace       used 71719K, committed 74688K, reserved 1114112K
  class space    used 8494K, committed 9792K, reserved 1048576K
}
Event: 4385,149 GC heap before
{Heap before GC invocations=117 (full 0):
 garbage-first heap   total 180224K, used 142725K [0x000000068b800000, 0x0000000800000000)
  region size 4096K, 17 young (69632K), 1 survivors (4096K)
 Metaspace       used 71860K, committed 74816K, reserved 1114112K
  class space    used 8499K, committed 9792K, reserved 1048576K
}
Event: 4385,153 GC heap after
{Heap after GC invocations=118 (full 0):
 garbage-first heap   total 180224K, used 80786K [0x000000068b800000, 0x0000000800000000)
  region size 4096K, 2 young (8192K), 2 survivors (8192K)
 Metaspace       used 71860K, committed 74816K, reserved 1114112K
  class space    used 8499K, committed 9792K, reserved 1048576K
}
Event: 4409,196 GC heap before
{Heap before GC invocations=118 (full 0):
 garbage-first heap   total 180224K, used 142226K [0x000000068b800000, 0x0000000800000000)
  region size 4096K, 17 young (69632K), 2 survivors (8192K)
 Metaspace       used 72021K, committed 75008K, reserved 1179648K
  class space    used 8505K, committed 9792K, reserved 1048576K
}
Event: 4409,201 GC heap after
{Heap after GC invocations=119 (full 0):
 garbage-first heap   total 180224K, used 82763K [0x000000068b800000, 0x0000000800000000)
  region size 4096K, 2 young (8192K), 2 survivors (8192K)
 Metaspace       used 72021K, committed 75008K, reserved 1179648K
  class space    used 8505K, committed 9792K, reserved 1048576K
}
Event: 4430,586 GC heap before
{Heap before GC invocations=119 (full 0):
 garbage-first heap   total 180224K, used 140107K [0x000000068b800000, 0x0000000800000000)
  region size 4096K, 16 young (65536K), 2 survivors (8192K)
 Metaspace       used 72145K, committed 75136K, reserved 1179648K
  class space    used 8510K, committed 9792K, reserved 1048576K
}
Event: 4430,589 GC heap after
{Heap after GC invocations=120 (full 0):
 garbage-first heap   total 180224K, used 83518K [0x000000068b800000, 0x0000000800000000)
  region size 4096K, 2 young (8192K), 2 survivors (8192K)
 Metaspace       used 72145K, committed 75136K, reserved 1179648K
  class space    used 8510K, committed 9792K, reserved 1048576K
}
Event: 4445,196 GC heap before
{Heap before GC invocations=120 (full 0):
 garbage-first heap   total 180224K, used 140862K [0x000000068b800000, 0x0000000800000000)
  region size 4096K, 16 young (65536K), 2 survivors (8192K)
 Metaspace       used 72249K, committed 75264K, reserved 1179648K
  class space    used 8515K, committed 9792K, reserved 1048576K
}
Event: 4445,200 GC heap after
{Heap after GC invocations=121 (full 0):
 garbage-first heap   total 180224K, used 83654K [0x000000068b800000, 0x0000000800000000)
  region size 4096K, 2 young (8192K), 2 survivors (8192K)
 Metaspace       used 72249K, committed 75264K, reserved 1179648K
  class space    used 8515K, committed 9792K, reserved 1048576K
}
Event: 4471,207 GC heap before
{Heap before GC invocations=121 (full 0):
 garbage-first heap   total 180224K, used 140998K [0x000000068b800000, 0x0000000800000000)
  region size 4096K, 16 young (65536K), 2 survivors (8192K)
 Metaspace       used 72356K, committed 75456K, reserved 1179648K
  class space    used 8521K, committed 9856K, reserved 1048576K
}
Event: 4471,209 GC heap after
{Heap after GC invocations=122 (full 0):
 garbage-first heap   total 180224K, used 84058K [0x000000068b800000, 0x0000000800000000)
  region size 4096K, 2 young (8192K), 2 survivors (8192K)
 Metaspace       used 72356K, committed 75456K, reserved 1179648K
  class space    used 8521K, committed 9856K, reserved 1048576K
}
Event: 4479,011 GC heap before
{Heap before GC invocations=122 (full 0):
 garbage-first heap   total 180224K, used 141402K [0x000000068b800000, 0x0000000800000000)
  region size 4096K, 16 young (65536K), 2 survivors (8192K)
 Metaspace       used 72463K, committed 75520K, reserved 1179648K
  class space    used 8526K, committed 9856K, reserved 1048576K
}
Event: 4479,015 GC heap after
{Heap after GC invocations=123 (full 0):
 garbage-first heap   total 180224K, used 84687K [0x000000068b800000, 0x0000000800000000)
  region size 4096K, 2 young (8192K), 2 survivors (8192K)
 Metaspace       used 72463K, committed 75520K, reserved 1179648K
  class space    used 8526K, committed 9856K, reserved 1048576K
}
Event: 4493,013 GC heap before
{Heap before GC invocations=123 (full 0):
 garbage-first heap   total 180224K, used 137935K [0x000000068b800000, 0x0000000800000000)
  region size 4096K, 15 young (61440K), 2 survivors (8192K)
 Metaspace       used 72569K, committed 75648K, reserved 1179648K
  class space    used 8531K, committed 9856K, reserved 1048576K
}
Event: 4493,016 GC heap after
{Heap after GC invocations=124 (full 0):
 garbage-first heap   total 180224K, used 84201K [0x000000068b800000, 0x0000000800000000)
  region size 4096K, 2 young (8192K), 2 survivors (8192K)
 Metaspace       used 72569K, committed 75648K, reserved 1179648K
  class space    used 8531K, committed 9856K, reserved 1048576K
}

Dll operation events (7 events):
Event: 0,001 Loaded shared library /home/gabriel/.vscode/extensions/sonarsource.sonarlint-vscode-3.20.2-linux-x64/jre/17.0.8-linux-x86_64.tar/lib/libjava.so
Event: 0,052 Loaded shared library /home/gabriel/.vscode/extensions/sonarsource.sonarlint-vscode-3.20.2-linux-x64/jre/17.0.8-linux-x86_64.tar/lib/libnio.so
Event: 0,066 Loaded shared library /home/gabriel/.vscode/extensions/sonarsource.sonarlint-vscode-3.20.2-linux-x64/jre/17.0.8-linux-x86_64.tar/lib/libzip.so
Event: 0,082 Loaded shared library /home/gabriel/.vscode/extensions/sonarsource.sonarlint-vscode-3.20.2-linux-x64/jre/17.0.8-linux-x86_64.tar/lib/libverify.so
Event: 0,113 Loaded shared library /home/gabriel/.vscode/extensions/sonarsource.sonarlint-vscode-3.20.2-linux-x64/jre/17.0.8-linux-x86_64.tar/lib/libjimage.so
Event: 1,484 Loaded shared library /home/gabriel/.vscode/extensions/sonarsource.sonarlint-vscode-3.20.2-linux-x64/jre/17.0.8-linux-x86_64.tar/lib/libnet.so
Event: 2,141 Loaded shared library /home/gabriel/.vscode/extensions/sonarsource.sonarlint-vscode-3.20.2-linux-x64/jre/17.0.8-linux-x86_64.tar/lib/libextnet.so

Deoptimization events (20 events):
Event: 4302,261 Thread 0x00007fb5188fd6b0 DEOPT PACKING pc=0x00007fb5beab547c sp=0x00007fb5268fbb40
Event: 4302,261 Thread 0x00007fb5188fd6b0 DEOPT UNPACKING pc=0x00007fb5bd975b19 sp=0x00007fb5268fbaf8 mode 2
Event: 4318,717 Thread 0x00007fb5188fd6b0 Uncommon trap: trap_request=0xffffffcc fr.pc=0x00007fb5bead1e10 relative=0x0000000000000630
Event: 4318,717 Thread 0x00007fb5188fd6b0 Uncommon trap: reason=intrinsic_or_type_checked_inlining action=make_not_entrant pc=0x00007fb5bead1e10 method=java.util.stream.SpinedBuffer.copyInto([Ljava/lang/Object;I)V @ 125 c2
Event: 4318,717 Thread 0x00007fb5188fd6b0 DEOPT PACKING pc=0x00007fb5bead1e10 sp=0x00007fb5268fc1f0
Event: 4318,717 Thread 0x00007fb5188fd6b0 DEOPT UNPACKING pc=0x00007fb5bd975b19 sp=0x00007fb5268fc090 mode 2
Event: 4321,113 Thread 0x00007fb5188fd6b0 Uncommon trap: trap_request=0xffffffcc fr.pc=0x00007fb5bead0ee8 relative=0x0000000000000608
Event: 4321,113 Thread 0x00007fb5188fd6b0 Uncommon trap: reason=intrinsic_or_type_checked_inlining action=make_not_entrant pc=0x00007fb5bead0ee8 method=java.util.stream.SpinedBuffer.copyInto([Ljava/lang/Object;I)V @ 125 c2
Event: 4321,113 Thread 0x00007fb5188fd6b0 DEOPT PACKING pc=0x00007fb5bead0ee8 sp=0x00007fb5268fc270
Event: 4321,113 Thread 0x00007fb5188fd6b0 DEOPT UNPACKING pc=0x00007fb5bd975b19 sp=0x00007fb5268fc0a8 mode 2
Event: 4330,926 Thread 0x00007fb5188fd6b0 DEOPT PACKING pc=0x00007fb5b79b8ce8 sp=0x00007fb5268fc070
Event: 4330,927 Thread 0x00007fb5188fd6b0 DEOPT UNPACKING pc=0x00007fb5bd97664f sp=0x00007fb5268fb640 mode 0
Event: 4408,302 Thread 0x00007fb5188f2780 Uncommon trap: trap_request=0xffffff54 fr.pc=0x00007fb5be963da4 relative=0x00000000000027c4
Event: 4408,302 Thread 0x00007fb5188f2780 Uncommon trap: reason=speculate_null_assert action=make_not_entrant pc=0x00007fb5be963da4 method=jdk.internal.net.http.SocketTube$InternalReadPublisher$InternalReadSubscription.read()V @ 400 c2
Event: 4408,302 Thread 0x00007fb5188f2780 DEOPT PACKING pc=0x00007fb5be963da4 sp=0x00007fb5267fc5d0
Event: 4408,302 Thread 0x00007fb5188f2780 DEOPT UNPACKING pc=0x00007fb5bd975b19 sp=0x00007fb5267fc5f0 mode 2
Event: 4424,207 Thread 0x00007fb5188fd6b0 DEOPT PACKING pc=0x00007fb5b79df5c8 sp=0x00007fb5268fbc70
Event: 4424,207 Thread 0x00007fb5188fd6b0 DEOPT UNPACKING pc=0x00007fb5bd97664f sp=0x00007fb5268fb160 mode 0
Event: 4478,989 Thread 0x00007fb5188fd6b0 DEOPT PACKING pc=0x00007fb5b754e0ef sp=0x00007fb5268fc2a0
Event: 4478,989 Thread 0x00007fb5188fd6b0 DEOPT UNPACKING pc=0x00007fb5bd97664f sp=0x00007fb5268fb760 mode 0

Classes unloaded (20 events):
Event: 1998,138 Thread 0x00007fb5c817f8d0 Unloading class 0x00000008007e1400 'GeneratedBySSLR'
Event: 1998,138 Thread 0x00007fb5c817f8d0 Unloading class 0x00000008007e1800 'GeneratedBySSLR'
Event: 1998,138 Thread 0x00007fb5c817f8d0 Unloading class 0x000000080078f400 'GeneratedBySSLR'
Event: 1998,138 Thread 0x00007fb5c817f8d0 Unloading class 0x000000080078f800 'GeneratedBySSLR'
Event: 1998,138 Thread 0x00007fb5c817f8d0 Unloading class 0x000000080078e000 'GeneratedBySSLR'
Event: 1998,138 Thread 0x00007fb5c817f8d0 Unloading class 0x000000080078d800 'GeneratedBySSLR'
Event: 1998,138 Thread 0x00007fb5c817f8d0 Unloading class 0x000000080078c000 'GeneratedBySSLR'
Event: 1998,138 Thread 0x00007fb5c817f8d0 Unloading class 0x000000080078bc00 'GeneratedBySSLR'
Event: 1998,138 Thread 0x00007fb5c817f8d0 Unloading class 0x000000080078b000 'GeneratedBySSLR'
Event: 1998,138 Thread 0x00007fb5c817f8d0 Unloading class 0x000000080078ac00 'GeneratedBySSLR'
Event: 1998,138 Thread 0x00007fb5c817f8d0 Unloading class 0x0000000800789400 'GeneratedBySSLR'
Event: 1998,138 Thread 0x00007fb5c817f8d0 Unloading class 0x0000000800789800 'GeneratedBySSLR'
Event: 1998,138 Thread 0x00007fb5c817f8d0 Unloading class 0x0000000800788800 'GeneratedBySSLR'
Event: 1998,138 Thread 0x00007fb5c817f8d0 Unloading class 0x0000000800788000 'GeneratedBySSLR'
Event: 1998,138 Thread 0x00007fb5c817f8d0 Unloading class 0x0000000800779800 'GeneratedBySSLR'
Event: 1998,138 Thread 0x00007fb5c817f8d0 Unloading class 0x0000000800779000 'GeneratedBySSLR'
Event: 1998,138 Thread 0x00007fb5c817f8d0 Unloading class 0x0000000800778800 'GeneratedBySSLR'
Event: 1998,138 Thread 0x00007fb5c817f8d0 Unloading class 0x0000000800778000 'GeneratedBySSLR'
Event: 1998,138 Thread 0x00007fb5c817f8d0 Unloading class 0x0000000800708800 'GeneratedBySSLR'
Event: 1998,138 Thread 0x00007fb5c817f8d0 Unloading class 0x0000000800708000 'GeneratedBySSLR'

Classes redefined (0 events):
No events

Internal exceptions (20 events):
Event: 4478,991 Thread 0x00007fb4c473e9a0 Exception <a 'java/lang/InterruptedException'{0x00000006939fdc00}: sleep interrupted> (0x00000006939fdc00) 
thrown [src/hotspot/share/prims/jvm.cpp, line 3070]
Event: 4479,010 Thread 0x00007fb4c473e9a0 Exception <a 'java/lang/InterruptedException'{0x00000006933ff018}: sleep interrupted> (0x00000006933ff018) 
thrown [src/hotspot/share/prims/jvm.cpp, line 3070]
Event: 4479,838 Thread 0x00007fb4c473e9a0 Exception <a 'java/lang/InterruptedException'{0x00000006a2def7e8}: sleep interrupted> (0x00000006a2def7e8) 
thrown [src/hotspot/share/prims/jvm.cpp, line 3070]
Event: 4479,839 Thread 0x00007fb4c473e9a0 Exception <a 'java/lang/InterruptedException'{0x00000006a2e16358}: sleep interrupted> (0x00000006a2e16358) 
thrown [src/hotspot/share/prims/jvm.cpp, line 3070]
Event: 4479,840 Thread 0x00007fb53002fff0 Exception <a 'sun/nio/fs/UnixException'{0x00000006a2f151f0}> (0x00000006a2f151f0) 
thrown [src/hotspot/share/prims/jni.cpp, line 516]
Event: 4479,850 Thread 0x00007fb53002fff0 Exception <a 'sun/nio/fs/UnixException'{0x00000006a2f24e88}> (0x00000006a2f24e88) 
thrown [src/hotspot/share/prims/jni.cpp, line 516]
Event: 4483,002 Thread 0x00007fb4c473e9a0 Exception <a 'java/lang/InterruptedException'{0x0000000695cec850}: sleep interrupted> (0x0000000695cec850) 
thrown [src/hotspot/share/prims/jvm.cpp, line 3070]
Event: 4483,043 Thread 0x00007fb4c473e9a0 Exception <a 'java/lang/InterruptedException'{0x00000006956c49d8}: sleep interrupted> (0x00000006956c49d8) 
thrown [src/hotspot/share/prims/jvm.cpp, line 3070]
Event: 4484,072 Thread 0x00007fb4c473e9a0 Exception <a 'java/lang/InterruptedException'{0x0000000695000088}: sleep interrupted> (0x0000000695000088) 
thrown [src/hotspot/share/prims/jvm.cpp, line 3070]
Event: 4484,073 Thread 0x00007fb4c473e9a0 Exception <a 'java/lang/InterruptedException'{0x0000000695042520}: sleep interrupted> (0x0000000695042520) 
thrown [src/hotspot/share/prims/jvm.cpp, line 3070]
Event: 4484,074 Thread 0x00007fb53002fff0 Exception <a 'sun/nio/fs/UnixException'{0x000000069513dc68}> (0x000000069513dc68) 
thrown [src/hotspot/share/prims/jni.cpp, line 516]
Event: 4484,083 Thread 0x00007fb53002fff0 Exception <a 'sun/nio/fs/UnixException'{0x000000069514d6b0}> (0x000000069514d6b0) 
thrown [src/hotspot/share/prims/jni.cpp, line 516]
Event: 4485,400 Thread 0x00007fb4c473e9a0 Exception <a 'java/lang/InterruptedException'{0x0000000694fb0918}: sleep interrupted> (0x0000000694fb0918) 
thrown [src/hotspot/share/prims/jvm.cpp, line 3070]
Event: 4485,425 Thread 0x00007fb4c473e9a0 Exception <a 'java/lang/InterruptedException'{0x00000006940ec890}: sleep interrupted> (0x00000006940ec890) 
thrown [src/hotspot/share/prims/jvm.cpp, line 3070]
Event: 4486,227 Thread 0x00007fb4c473e9a0 Exception <a 'java/lang/InterruptedException'{0x00000006942f50c0}: sleep interrupted> (0x00000006942f50c0) 
thrown [src/hotspot/share/prims/jvm.cpp, line 3070]
Event: 4486,229 Thread 0x00007fb4c473e9a0 Exception <a 'java/lang/InterruptedException'{0x0000000694312b60}: sleep interrupted> (0x0000000694312b60) 
thrown [src/hotspot/share/prims/jvm.cpp, line 3070]
Event: 4486,229 Thread 0x00007fb53002fff0 Exception <a 'sun/nio/fs/UnixException'{0x0000000693c01630}> (0x0000000693c01630) 
thrown [src/hotspot/share/prims/jni.cpp, line 516]
Event: 4486,231 Thread 0x00007fb53002fff0 Exception <a 'sun/nio/fs/UnixException'{0x0000000693c11088}> (0x0000000693c11088) 
thrown [src/hotspot/share/prims/jni.cpp, line 516]
Event: 4493,002 Thread 0x00007fb4c473e9a0 Exception <a 'java/lang/InterruptedException'{0x00000006939d88b8}: sleep interrupted> (0x00000006939d88b8) 
thrown [src/hotspot/share/prims/jvm.cpp, line 3070]
Event: 4493,023 Thread 0x00007fb4c473e9a0 Exception <a 'java/lang/InterruptedException'{0x00000006a2fb1c20}: sleep interrupted> (0x00000006a2fb1c20) 
thrown [src/hotspot/share/prims/jvm.cpp, line 3070]

VM Operations (20 events):
Event: 4424,202 Executing VM operation: Cleanup
Event: 4424,202 Executing VM operation: Cleanup done
Event: 4425,202 Executing VM operation: Cleanup
Event: 4425,203 Executing VM operation: Cleanup done
Event: 4430,586 Executing VM operation: G1CollectForAllocation
Event: 4430,589 Executing VM operation: G1CollectForAllocation done
Event: 4437,589 Executing VM operation: Cleanup
Event: 4437,589 Executing VM operation: Cleanup done
Event: 4438,590 Executing VM operation: Cleanup
Event: 4438,590 Executing VM operation: Cleanup done
Event: 4442,279 Executing VM operation: HandshakeAllThreads
Event: 4442,279 Executing VM operation: HandshakeAllThreads done
Event: 4445,196 Executing VM operation: G1CollectForAllocation
Event: 4445,200 Executing VM operation: G1CollectForAllocation done
Event: 4471,207 Executing VM operation: G1CollectForAllocation
Event: 4471,209 Executing VM operation: G1CollectForAllocation done
Event: 4479,011 Executing VM operation: G1CollectForAllocation
Event: 4479,015 Executing VM operation: G1CollectForAllocation done
Event: 4493,013 Executing VM operation: G1CollectForAllocation
Event: 4493,016 Executing VM operation: G1CollectForAllocation done

Events (20 events):
Event: 4484,072 Protecting memory [0x00007fb5264fc000,0x00007fb526500000] with protection modes 0
Event: 4484,073 Thread 0x00007fb4c473e9a0 Thread exited: 0x00007fb4c473e9a0
Event: 4485,400 Thread 0x00007fb4c473e9a0 Thread added: 0x00007fb4c473e9a0
Event: 4485,400 Protecting memory [0x00007fb5264fc000,0x00007fb526500000] with protection modes 0
Event: 4485,400 Thread 0x00007fb4c473e9a0 Thread exited: 0x00007fb4c473e9a0
Event: 4485,425 Thread 0x00007fb4c473e9a0 Thread added: 0x00007fb4c473e9a0
Event: 4485,425 Protecting memory [0x00007fb5264fc000,0x00007fb526500000] with protection modes 0
Event: 4485,425 Thread 0x00007fb4c473e9a0 Thread exited: 0x00007fb4c473e9a0
Event: 4485,437 Thread 0x00007fb4c473e9a0 Thread added: 0x00007fb4c473e9a0
Event: 4485,437 Protecting memory [0x00007fb5264fc000,0x00007fb526500000] with protection modes 0
Event: 4486,227 Thread 0x00007fb4c473e9a0 Thread exited: 0x00007fb4c473e9a0
Event: 4486,228 Thread 0x00007fb4c473e9a0 Thread added: 0x00007fb4c473e9a0
Event: 4486,228 Protecting memory [0x00007fb5264fc000,0x00007fb526500000] with protection modes 0
Event: 4486,229 Thread 0x00007fb4c473e9a0 Thread exited: 0x00007fb4c473e9a0
Event: 4493,002 Thread 0x00007fb4c473e9a0 Thread added: 0x00007fb4c473e9a0
Event: 4493,002 Protecting memory [0x00007fb5264fc000,0x00007fb526500000] with protection modes 0
Event: 4493,002 Thread 0x00007fb4c473e9a0 Thread exited: 0x00007fb4c473e9a0
Event: 4493,023 Thread 0x00007fb4c473e9a0 Thread added: 0x00007fb4c473e9a0
Event: 4493,023 Protecting memory [0x00007fb5264fc000,0x00007fb526500000] with protection modes 0
Event: 4493,023 Thread 0x00007fb4c473e9a0 Thread exited: 0x00007fb4c473e9a0


Dynamic libraries:
68b800000-696400000 rw-p 00000000 00:00 0 
696400000-6a2c00000 ---p 00000000 00:00 0 
6a2c00000-6a3000000 rw-p 00000000 00:00 0 
6a3000000-800000000 ---p 00000000 00:00 0 
800000000-800020000 rw-p 00000000 00:00 0 
800020000-800040000 rw-p 00000000 00:00 0 
800040000-8000c0000 rw-p 00000000 00:00 0 
8000c0000-800100000 rw-p 00000000 00:00 0 
800100000-800140000 rw-p 00000000 00:00 0 
800140000-800180000 rw-p 00000000 00:00 0 
800180000-8002c0000 rw-p 00000000 00:00 0 
8002c0000-800340000 rw-p 00000000 00:00 0 
800340000-800380000 rw-p 00000000 00:00 0 
800380000-8006c0000 rw-p 00000000 00:00 0 
8006c0000-8006e0000 rw-p 00000000 00:00 0 
8006e0000-800700000 ---p 00000000 00:00 0 
800700000-8009c0000 rw-p 00000000 00:00 0 
8009c0000-840000000 ---p 00000000 00:00 0 
55686a250000-55686a251000 r--p 00000000 103:03 1573086                   /home/gabriel/.vscode/extensions/sonarsource.sonarlint-vscode-3.20.2-linux-x64/jre/17.0.8-linux-x86_64.tar/bin/java
55686a251000-55686a252000 r-xp 00001000 103:03 1573086                   /home/gabriel/.vscode/extensions/sonarsource.sonarlint-vscode-3.20.2-linux-x64/jre/17.0.8-linux-x86_64.tar/bin/java
55686a252000-55686a253000 r--p 00002000 103:03 1573086                   /home/gabriel/.vscode/extensions/sonarsource.sonarlint-vscode-3.20.2-linux-x64/jre/17.0.8-linux-x86_64.tar/bin/java
55686a253000-55686a254000 r--p 00002000 103:03 1573086                   /home/gabriel/.vscode/extensions/sonarsource.sonarlint-vscode-3.20.2-linux-x64/jre/17.0.8-linux-x86_64.tar/bin/java
55686a254000-55686a255000 rw-p 00003000 103:03 1573086                   /home/gabriel/.vscode/extensions/sonarsource.sonarlint-vscode-3.20.2-linux-x64/jre/17.0.8-linux-x86_64.tar/bin/java
55686abe9000-55686ac31000 rw-p 00000000 00:00 0                          [heap]
7fb4a0000000-7fb4a1473000 rw-p 00000000 00:00 0 
7fb4a1473000-7fb4a4000000 ---p 00000000 00:00 0 
7fb4a4000000-7fb4a40a0000 rw-p 00000000 00:00 0 
7fb4a40a0000-7fb4a8000000 ---p 00000000 00:00 0 
7fb4a8000000-7fb4a93f7000 rw-p 00000000 00:00 0 
7fb4a93f7000-7fb4ac000000 ---p 00000000 00:00 0 
7fb4ac000000-7fb4ac15a000 rw-p 00000000 00:00 0 
7fb4ac15a000-7fb4b0000000 ---p 00000000 00:00 0 
7fb4b0000000-7fb4b0c72000 rw-p 00000000 00:00 0 
7fb4b0c72000-7fb4b4000000 ---p 00000000 00:00 0 
7fb4b4000000-7fb4b4021000 rw-p 00000000 00:00 0 
7fb4b4021000-7fb4b8000000 ---p 00000000 00:00 0 
7fb4b8000000-7fb4b8021000 rw-p 00000000 00:00 0 
7fb4b8021000-7fb4bc000000 ---p 00000000 00:00 0 
7fb4bc000000-7fb4bc022000 rw-p 00000000 00:00 0 
7fb4bc022000-7fb4c0000000 ---p 00000000 00:00 0 
7fb4c0000000-7fb4c0021000 rw-p 00000000 00:00 0 
7fb4c0021000-7fb4c4000000 ---p 00000000 00:00 0 
7fb4c4000000-7fb4c47fa000 rw-p 00000000 00:00 0 
7fb4c47fa000-7fb4c8000000 ---p 00000000 00:00 0 
7fb4c8000000-7fb4c8021000 rw-p 00000000 00:00 0 
7fb4c8021000-7fb4cc000000 ---p 00000000 00:00 0 
7fb4cc000000-7fb4cd07d000 rw-p 00000000 00:00 0 
7fb4cd07d000-7fb4d0000000 ---p 00000000 00:00 0 
7fb4d0000000-7fb4d0021000 rw-p 00000000 00:00 0 
7fb4d0021000-7fb4d4000000 ---p 00000000 00:00 0 
7fb4d4000000-7fb4d4021000 rw-p 00000000 00:00 0 
7fb4d4021000-7fb4d8000000 ---p 00000000 00:00 0 
7fb4d8000000-7fb4d8021000 rw-p 00000000 00:00 0 
7fb4d8021000-7fb4dc000000 ---p 00000000 00:00 0 
7fb4dc000000-7fb4dc021000 rw-p 00000000 00:00 0 
7fb4dc021000-7fb4e0000000 ---p 00000000 00:00 0 
7fb4e0000000-7fb4e0021000 rw-p 00000000 00:00 0 
7fb4e0021000-7fb4e4000000 ---p 00000000 00:00 0 
7fb4e4000000-7fb4e4021000 rw-p 00000000 00:00 0 
7fb4e4021000-7fb4e8000000 ---p 00000000 00:00 0 
7fb4e8000000-7fb4e8021000 rw-p 00000000 00:00 0 
7fb4e8021000-7fb4ec000000 ---p 00000000 00:00 0 
7fb4ec000000-7fb4ec021000 rw-p 00000000 00:00 0 
7fb4ec021000-7fb4f0000000 ---p 00000000 00:00 0 
7fb4f0000000-7fb4f0021000 rw-p 00000000 00:00 0 
7fb4f0021000-7fb4f4000000 ---p 00000000 00:00 0 
7fb4f4000000-7fb4f4021000 rw-p 00000000 00:00 0 
7fb4f4021000-7fb4f8000000 ---p 00000000 00:00 0 
7fb4f8000000-7fb4f8021000 rw-p 00000000 00:00 0 
7fb4f8021000-7fb4fc000000 ---p 00000000 00:00 0 
7fb4fc000000-7fb4fc021000 rw-p 00000000 00:00 0 
7fb4fc021000-7fb500000000 ---p 00000000 00:00 0 
7fb500000000-7fb500021000 rw-p 00000000 00:00 0 
7fb500021000-7fb504000000 ---p 00000000 00:00 0 
7fb504000000-7fb504021000 rw-p 00000000 00:00 0 
7fb504021000-7fb508000000 ---p 00000000 00:00 0 
7fb508000000-7fb508021000 rw-p 00000000 00:00 0 
7fb508021000-7fb50c000000 ---p 00000000 00:00 0 
7fb50c000000-7fb50d230000 rw-p 00000000 00:00 0 
7fb50d230000-7fb510000000 ---p 00000000 00:00 0 
7fb510000000-7fb510021000 rw-p 00000000 00:00 0 
7fb510021000-7fb514000000 ---p 00000000 00:00 0 
7fb514000000-7fb514eaa000 rw-p 00000000 00:00 0 
7fb514eaa000-7fb518000000 ---p 00000000 00:00 0 
7fb518000000-7fb51890c000 rw-p 00000000 00:00 0 
7fb51890c000-7fb51c000000 ---p 00000000 00:00 0 
7fb51c000000-7fb51c021000 rw-p 00000000 00:00 0 
7fb51c021000-7fb520000000 ---p 00000000 00:00 0 
7fb520000000-7fb520021000 rw-p 00000000 00:00 0 
7fb520021000-7fb524000000 ---p 00000000 00:00 0 
7fb525ffc000-7fb526000000 ---p 00000000 00:00 0 
7fb526000000-7fb5260fc000 rw-p 00000000 00:00 0 
7fb5260fc000-7fb526100000 ---p 00000000 00:00 0 
7fb526100000-7fb5261fc000 rw-p 00000000 00:00 0 
7fb5261fc000-7fb526200000 ---p 00000000 00:00 0 
7fb526200000-7fb5262fc000 rw-p 00000000 00:00 0 
7fb5262fc000-7fb526300000 ---p 00000000 00:00 0 
7fb526300000-7fb5263fc000 rw-p 00000000 00:00 0 
7fb5263fc000-7fb526400000 ---p 00000000 00:00 0 
7fb526400000-7fb5264fc000 rw-p 00000000 00:00 0 
7fb5264fc000-7fb526500000 ---p 00000000 00:00 0 
7fb526500000-7fb5265fc000 rw-p 00000000 00:00 0 
7fb5265fc000-7fb5265fd000 ---p 00000000 00:00 0 
7fb5265fd000-7fb5266fe000 rw-p 00000000 00:00 0 
7fb5266fe000-7fb526702000 ---p 00000000 00:00 0 
7fb526702000-7fb5267fe000 rw-p 00000000 00:00 0 
7fb5267fe000-7fb526802000 ---p 00000000 00:00 0 
7fb526802000-7fb5268fe000 rw-p 00000000 00:00 0 
7fb5268fe000-7fb526902000 ---p 00000000 00:00 0 
7fb526902000-7fb5269fe000 rw-p 00000000 00:00 0 
7fb5269fe000-7fb526a02000 ---p 00000000 00:00 0 
7fb526a02000-7fb526afe000 rw-p 00000000 00:00 0 
7fb526afe000-7fb526b02000 ---p 00000000 00:00 0 
7fb526b02000-7fb526bfe000 rw-p 00000000 00:00 0 
7fb526bfe000-7fb526c02000 ---p 00000000 00:00 0 
7fb526c02000-7fb526cfe000 rw-p 00000000 00:00 0 
7fb526cfe000-7fb526d02000 ---p 00000000 00:00 0 
7fb526d02000-7fb526dfe000 rw-p 00000000 00:00 0 
7fb526dfe000-7fb526e02000 ---p 00000000 00:00 0 
7fb526e02000-7fb526efe000 rw-p 00000000 00:00 0 
7fb526efe000-7fb526f02000 ---p 00000000 00:00 0 
7fb526f02000-7fb526ffe000 rw-p 00000000 00:00 0 
7fb526ffe000-7fb527002000 ---p 00000000 00:00 0 
7fb527002000-7fb5270fe000 rw-p 00000000 00:00 0 
7fb5270fe000-7fb527102000 ---p 00000000 00:00 0 
7fb527102000-7fb5271fe000 rw-p 00000000 00:00 0 
7fb5271fe000-7fb527202000 ---p 00000000 00:00 0 
7fb527202000-7fb5272fe000 rw-p 00000000 00:00 0 
7fb5272fe000-7fb527302000 ---p 00000000 00:00 0 
7fb527302000-7fb5273fe000 rw-p 00000000 00:00 0 
7fb5273fe000-7fb527402000 ---p 00000000 00:00 0 
7fb527402000-7fb5274fe000 rw-p 00000000 00:00 0 
7fb5274fe000-7fb527502000 ---p 00000000 00:00 0 
7fb527502000-7fb5275fe000 rw-p 00000000 00:00 0 
7fb5275fe000-7fb527602000 ---p 00000000 00:00 0 
7fb527602000-7fb5276fe000 rw-p 00000000 00:00 0 
7fb5276fe000-7fb527702000 ---p 00000000 00:00 0 
7fb527702000-7fb5277fe000 rw-p 00000000 00:00 0 
7fb5277fe000-7fb527802000 ---p 00000000 00:00 0 
7fb527802000-7fb5278fe000 rw-p 00000000 00:00 0 
7fb5278fe000-7fb527902000 ---p 00000000 00:00 0 
7fb527902000-7fb5279fe000 rw-p 00000000 00:00 0 
7fb5279fe000-7fb5279ff000 ---p 00000000 00:00 0 
7fb5279ff000-7fb527b00000 rw-p 00000000 00:00 0 
7fb527b00000-7fb527b04000 ---p 00000000 00:00 0 
7fb527b04000-7fb527c00000 rw-p 00000000 00:00 0 
7fb527c00000-7fb527c04000 ---p 00000000 00:00 0 
7fb527c04000-7fb527d00000 rw-p 00000000 00:00 0 
7fb527d00000-7fb527d04000 ---p 00000000 00:00 0 
7fb527d04000-7fb527e00000 rw-p 00000000 00:00 0 
7fb527e00000-7fb527e04000 ---p 00000000 00:00 0 
7fb527e04000-7fb527f00000 rw-p 00000000 00:00 0 
7fb527f00000-7fb527f04000 ---p 00000000 00:00 0 
7fb527f04000-7fb528000000 rw-p 00000000 00:00 0 
7fb528000000-7fb528337000 rw-p 00000000 00:00 0 
7fb528337000-7fb52c000000 ---p 00000000 00:00 0 
7fb52c000000-7fb52c021000 rw-p 00000000 00:00 0 
7fb52c021000-7fb530000000 ---p 00000000 00:00 0 
7fb530000000-7fb530079000 rw-p 00000000 00:00 0 
7fb530079000-7fb534000000 ---p 00000000 00:00 0 
7fb534000000-7fb53546e000 rw-p 00000000 00:00 0 
7fb53546e000-7fb538000000 ---p 00000000 00:00 0 
7fb538000000-7fb538021000 rw-p 00000000 00:00 0 
7fb538021000-7fb53c000000 ---p 00000000 00:00 0 
7fb53c000000-7fb53c021000 rw-p 00000000 00:00 0 
7fb53c021000-7fb540000000 ---p 00000000 00:00 0 
7fb540000000-7fb540021000 rw-p 00000000 00:00 0 
7fb540021000-7fb544000000 ---p 00000000 00:00 0 
7fb544000000-7fb544021000 rw-p 00000000 00:00 0 
7fb544021000-7fb548000000 ---p 00000000 00:00 0 
7fb548000000-7fb548021000 rw-p 00000000 00:00 0 
7fb548021000-7fb54c000000 ---p 00000000 00:00 0 
7fb54c000000-7fb54c021000 rw-p 00000000 00:00 0 
7fb54c021000-7fb550000000 ---p 00000000 00:00 0 
7fb550000000-7fb550021000 rw-p 00000000 00:00 0 
7fb550021000-7fb554000000 ---p 00000000 00:00 0 
7fb554000000-7fb554021000 rw-p 00000000 00:00 0 
7fb554021000-7fb558000000 ---p 00000000 00:00 0 
7fb558000000-7fb558021000 rw-p 00000000 00:00 0 
7fb558021000-7fb55c000000 ---p 00000000 00:00 0 
7fb55c000000-7fb55cb66000 rw-p 00000000 00:00 0 
7fb55cb66000-7fb560000000 ---p 00000000 00:00 0 
7fb560000000-7fb560021000 rw-p 00000000 00:00 0 
7fb560021000-7fb564000000 ---p 00000000 00:00 0 
7fb564000000-7fb564021000 rw-p 00000000 00:00 0 
7fb564021000-7fb568000000 ---p 00000000 00:00 0 
7fb568000000-7fb56892a000 rw-p 00000000 00:00 0 
7fb56892a000-7fb56c000000 ---p 00000000 00:00 0 
7fb56c000000-7fb56c021000 rw-p 00000000 00:00 0 
7fb56c021000-7fb570000000 ---p 00000000 00:00 0 
7fb570000000-7fb570021000 rw-p 00000000 00:00 0 
7fb570021000-7fb574000000 ---p 00000000 00:00 0 
7fb574000000-7fb576647000 rw-p 00000000 00:00 0 
7fb576647000-7fb578000000 ---p 00000000 00:00 0 
7fb578000000-7fb578021000 rw-p 00000000 00:00 0 
7fb578021000-7fb57c000000 ---p 00000000 00:00 0 
7fb57c000000-7fb57c021000 rw-p 00000000 00:00 0 
7fb57c021000-7fb580000000 ---p 00000000 00:00 0 
7fb580000000-7fb580021000 rw-p 00000000 00:00 0 
7fb580021000-7fb584000000 ---p 00000000 00:00 0 
7fb584000000-7fb584021000 rw-p 00000000 00:00 0 
7fb584021000-7fb588000000 ---p 00000000 00:00 0 
7fb588000000-7fb588021000 rw-p 00000000 00:00 0 
7fb588021000-7fb58c000000 ---p 00000000 00:00 0 
7fb58c000000-7fb58c021000 rw-p 00000000 00:00 0 
7fb58c021000-7fb590000000 ---p 00000000 00:00 0 
7fb590000000-7fb590400000 rw-p 00000000 00:00 0 
7fb590400000-7fb590500000 rw-p 00000000 00:00 0 
7fb590500000-7fb590700000 rw-p 00000000 00:00 0 
7fb590700000-7fb5907c0000 rw-p 00000000 00:00 0 
7fb5907c0000-7fb590900000 rw-p 00000000 00:00 0 
7fb590900000-7fb590b00000 rw-p 00000000 00:00 0 
7fb590b00000-7fb590c00000 rw-p 00000000 00:00 0 
7fb590c00000-7fb590f00000 rw-p 00000000 00:00 0 
7fb590f00000-7fb591000000 rw-p 00000000 00:00 0 
7fb591000000-7fb5912e0000 rw-p 00000000 00:00 0 
7fb5912e0000-7fb591300000 rw-p 00000000 00:00 0 
7fb591300000-7fb591500000 rw-p 00000000 00:00 0 
7fb591500000-7fb591540000 rw-p 00000000 00:00 0 
7fb591540000-7fb591580000 rw-p 00000000 00:00 0 
7fb591580000-7fb591700000 rw-p 00000000 00:00 0 
7fb591700000-7fb591980000 rw-p 00000000 00:00 0 
7fb591980000-7fb591a00000 rw-p 00000000 00:00 0 
7fb591a00000-7fb591d80000 rw-p 00000000 00:00 0 
7fb591d80000-7fb591e00000 rw-p 00000000 00:00 0 
7fb591e00000-7fb592900000 rw-p 00000000 00:00 0 
7fb592900000-7fb592a00000 rw-p 00000000 00:00 0 
7fb592a00000-7fb592f00000 rw-p 00000000 00:00 0 
7fb592f00000-7fb593000000 rw-p 00000000 00:00 0 
7fb593000000-7fb593700000 rw-p 00000000 00:00 0 
7fb593700000-7fb5937a0000 rw-p 00000000 00:00 0 
7fb5937a0000-7fb593800000 ---p 00000000 00:00 0 
7fb593800000-7fb594000000 rw-p 00000000 00:00 0 
7fb594000000-7fb594021000 rw-p 00000000 00:00 0 
7fb594021000-7fb598000000 ---p 00000000 00:00 0 
7fb59809e000-7fb5980a2000 ---p 00000000 00:00 0 
7fb5980a2000-7fb59819e000 rw-p 00000000 00:00 0 
7fb59819e000-7fb5981a2000 ---p 00000000 00:00 0 
7fb5981a2000-7fb59829e000 rw-p 00000000 00:00 0 
7fb5982b8000-7fb5982bc000 ---p 00000000 00:00 0 
7fb5982bc000-7fb5983b8000 rw-p 00000000 00:00 0 
7fb5983b8000-7fb5983bc000 ---p 00000000 00:00 0 
7fb5983bc000-7fb5984b8000 rw-p 00000000 00:00 0 
7fb5984b8000-7fb5984bc000 ---p 00000000 00:00 0 
7fb5984bc000-7fb5985b8000 rw-p 00000000 00:00 0 
7fb5985b8000-7fb5985b9000 ---p 00000000 00:00 0 
7fb5985b9000-7fb5986ba000 rw-p 00000000 00:00 0 
7fb5986ba000-7fb5986bb000 ---p 00000000 00:00 0 
7fb5986bb000-7fb5987bc000 rw-p 00000000 00:00 0 
7fb5987bc000-7fb5987bd000 ---p 00000000 00:00 0 
7fb5987bd000-7fb5988be000 rw-p 00000000 00:00 0 
7fb5988be000-7fb5988bf000 ---p 00000000 00:00 0 
7fb5988bf000-7fb5989c0000 rw-p 00000000 00:00 0 
7fb5989c0000-7fb5989c1000 ---p 00000000 00:00 0 
7fb5989c1000-7fb598ac2000 rw-p 00000000 00:00 0 
7fb598ac2000-7fb598ac3000 ---p 00000000 00:00 0 
7fb598ac3000-7fb598bc4000 rw-p 00000000 00:00 0 
7fb598bc4000-7fb598bc5000 ---p 00000000 00:00 0 
7fb598bc5000-7fb598cc6000 rw-p 00000000 00:00 0 
7fb598cde000-7fb598ce5000 r--s 00000000 103:03 11406080                  /usr/lib/x86_64-linux-gnu/gconv/gconv-modules.cache
7fb598ce5000-7fb598ce9000 ---p 00000000 00:00 0 
7fb598ce9000-7fb598d07000 rw-p 00000000 00:00 0 
7fb598d07000-7fb598d0b000 ---p 00000000 00:00 0 
7fb598d0b000-7fb598e07000 rw-p 00000000 00:00 0 
7fb598e07000-7fb598e0b000 ---p 00000000 00:00 0 
7fb598e0b000-7fb598f07000 rw-p 00000000 00:00 0 
7fb598f07000-7fb598f08000 ---p 00000000 00:00 0 
7fb598f08000-7fb599009000 rw-p 00000000 00:00 0 
7fb599009000-7fb59900d000 ---p 00000000 00:00 0 
7fb59900d000-7fb599109000 rw-p 00000000 00:00 0 
7fb599109000-7fb59910d000 ---p 00000000 00:00 0 
7fb59910d000-7fb599209000 rw-p 00000000 00:00 0 
7fb599209000-7fb59920d000 ---p 00000000 00:00 0 
7fb59920d000-7fb599309000 rw-p 00000000 00:00 0 
7fb599309000-7fb59930d000 ---p 00000000 00:00 0 
7fb59930d000-7fb599409000 rw-p 00000000 00:00 0 
7fb599409000-7fb59940d000 ---p 00000000 00:00 0 
7fb59940d000-7fb599509000 rw-p 00000000 00:00 0 
7fb599509000-7fb59950d000 ---p 00000000 00:00 0 
7fb59950d000-7fb599609000 rw-p 00000000 00:00 0 
7fb599609000-7fb59960d000 ---p 00000000 00:00 0 
7fb59960d000-7fb599709000 rw-p 00000000 00:00 0 
7fb599709000-7fb599c7d000 r--p 00000000 103:03 10623250                  /usr/lib/locale/locale-archive
7fb599c7d000-7fb599c81000 ---p 00000000 00:00 0 
7fb599c81000-7fb599d7d000 rw-p 00000000 00:00 0 
7fb599d7d000-7fb599d81000 ---p 00000000 00:00 0 
7fb599d81000-7fb599e7d000 rw-p 00000000 00:00 0 
7fb599e7d000-7fb599e7e000 ---p 00000000 00:00 0 
7fb599e7e000-7fb59c000000 rw-p 00000000 00:00 0 
7fb59c000000-7fb59c021000 rw-p 00000000 00:00 0 
7fb59c021000-7fb5a0000000 ---p 00000000 00:00 0 
7fb5a0000000-7fb5a03ff000 rw-p 00000000 00:00 0 
7fb5a03ff000-7fb5a4000000 ---p 00000000 00:00 0 
7fb5a4000000-7fb5a4021000 rw-p 00000000 00:00 0 
7fb5a4021000-7fb5a8000000 ---p 00000000 00:00 0 
7fb5a8005000-7fb5a8009000 r--p 00000000 103:03 1573490                   /home/gabriel/.vscode/extensions/sonarsource.sonarlint-vscode-3.20.2-linux-x64/jre/17.0.8-linux-x86_64.tar/lib/libverify.so
7fb5a8009000-7fb5a8010000 r-xp 00004000 103:03 1573490                   /home/gabriel/.vscode/extensions/sonarsource.sonarlint-vscode-3.20.2-linux-x64/jre/17.0.8-linux-x86_64.tar/lib/libverify.so
7fb5a8010000-7fb5a8012000 r--p 0000b000 103:03 1573490                   /home/gabriel/.vscode/extensions/sonarsource.sonarlint-vscode-3.20.2-linux-x64/jre/17.0.8-linux-x86_64.tar/lib/libverify.so
7fb5a8012000-7fb5a8014000 r--p 0000c000 103:03 1573490                   /home/gabriel/.vscode/extensions/sonarsource.sonarlint-vscode-3.20.2-linux-x64/jre/17.0.8-linux-x86_64.tar/lib/libverify.so
7fb5a8014000-7fb5a8015000 rw-p 0000e000 103:03 1573490                   /home/gabriel/.vscode/extensions/sonarsource.sonarlint-vscode-3.20.2-linux-x64/jre/17.0.8-linux-x86_64.tar/lib/libverify.so
7fb5a8015000-7fb5a80b1000 rw-p 00000000 00:00 0 
7fb5a80b1000-7fb5a80b2000 ---p 00000000 00:00 0 
7fb5a80b2000-7fb5a81b3000 rw-p 00000000 00:00 0 
7fb5a81b3000-7fb5a81b4000 ---p 00000000 00:00 0 
7fb5a81b4000-7fb5a8969000 rw-p 00000000 00:00 0 
7fb5a8969000-7fb5a8c89000 ---p 00000000 00:00 0 
7fb5a8c89000-7fb5a8c99000 rw-p 00000000 00:00 0 
7fb5a8c99000-7fb5ae3d9000 ---p 00000000 00:00 0 
7fb5ae3d9000-7fb5ae689000 rw-p 00000000 00:00 0 
7fb5ae689000-7fb5ae9a9000 ---p 00000000 00:00 0 
7fb5ae9a9000-7fb5ae9b9000 rw-p 00000000 00:00 0 
7fb5ae9b9000-7fb5b40f9000 ---p 00000000 00:00 0 
7fb5b40f9000-7fb5b414f000 rw-p 00000000 00:00 0 
7fb5b414f000-7fb5b41b3000 ---p 00000000 00:00 0 
7fb5b41b3000-7fb5b41b5000 rw-p 00000000 00:00 0 
7fb5b41b5000-7fb5b4c9d000 ---p 00000000 00:00 0 
7fb5b4c9d000-7fb5b4cf3000 rw-p 00000000 00:00 0 
7fb5b4cf3000-7fb5b4d57000 ---p 00000000 00:00 0 
7fb5b4d57000-7fb5b4d59000 rw-p 00000000 00:00 0 
7fb5b4d59000-7fb5b5841000 ---p 00000000 00:00 0 
7fb5b5841000-7fb5b5897000 rw-p 00000000 00:00 0 
7fb5b5897000-7fb5b58fb000 ---p 00000000 00:00 0 
7fb5b58fb000-7fb5b58fd000 rw-p 00000000 00:00 0 
7fb5b58fd000-7fb5b63e5000 ---p 00000000 00:00 0 
7fb5b63e5000-7fb5b7b05000 rwxp 00000000 00:00 0 
7fb5b7b05000-7fb5bd91c000 ---p 00000000 00:00 0 
7fb5bd91c000-7fb5bdb8c000 rwxp 00000000 00:00 0 
7fb5bdb8c000-7fb5bdeae000 ---p 00000000 00:00 0 
7fb5bdeae000-7fb5beb1e000 rwxp 00000000 00:00 0 
7fb5beb1e000-7fb5c53e5000 ---p 00000000 00:00 0 
7fb5c53e5000-7fb5c8000000 r--s 00000000 103:03 1573492                   /home/gabriel/.vscode/extensions/sonarsource.sonarlint-vscode-3.20.2-linux-x64/jre/17.0.8-linux-x86_64.tar/lib/modules
7fb5c8000000-7fb5c885e000 rw-p 00000000 00:00 0 
7fb5c885e000-7fb5cc000000 ---p 00000000 00:00 0 
7fb5cc002000-7fb5cc003000 r--p 00000000 103:03 1573463                   /home/gabriel/.vscode/extensions/sonarsource.sonarlint-vscode-3.20.2-linux-x64/jre/17.0.8-linux-x86_64.tar/lib/libextnet.so
7fb5cc003000-7fb5cc004000 r-xp 00001000 103:03 1573463                   /home/gabriel/.vscode/extensions/sonarsource.sonarlint-vscode-3.20.2-linux-x64/jre/17.0.8-linux-x86_64.tar/lib/libextnet.so
7fb5cc004000-7fb5cc005000 r--p 00002000 103:03 1573463                   /home/gabriel/.vscode/extensions/sonarsource.sonarlint-vscode-3.20.2-linux-x64/jre/17.0.8-linux-x86_64.tar/lib/libextnet.so
7fb5cc005000-7fb5cc006000 r--p 00002000 103:03 1573463                   /home/gabriel/.vscode/extensions/sonarsource.sonarlint-vscode-3.20.2-linux-x64/jre/17.0.8-linux-x86_64.tar/lib/libextnet.so
7fb5cc006000-7fb5cc007000 rw-p 00003000 103:03 1573463                   /home/gabriel/.vscode/extensions/sonarsource.sonarlint-vscode-3.20.2-linux-x64/jre/17.0.8-linux-x86_64.tar/lib/libextnet.so
7fb5cc007000-7fb5cc00b000 r--p 00000000 103:03 1573483                   /home/gabriel/.vscode/extensions/sonarsource.sonarlint-vscode-3.20.2-linux-x64/jre/17.0.8-linux-x86_64.tar/lib/libnet.so
7fb5cc00b000-7fb5cc019000 r-xp 00004000 103:03 1573483                   /home/gabriel/.vscode/extensions/sonarsource.sonarlint-vscode-3.20.2-linux-x64/jre/17.0.8-linux-x86_64.tar/lib/libnet.so
7fb5cc019000-7fb5cc01d000 r--p 00012000 103:03 1573483                   /home/gabriel/.vscode/extensions/sonarsource.sonarlint-vscode-3.20.2-linux-x64/jre/17.0.8-linux-x86_64.tar/lib/libnet.so
7fb5cc01d000-7fb5cc01e000 r--p 00015000 103:03 1573483                   /home/gabriel/.vscode/extensions/sonarsource.sonarlint-vscode-3.20.2-linux-x64/jre/17.0.8-linux-x86_64.tar/lib/libnet.so
7fb5cc01e000-7fb5cc01f000 rw-p 00016000 103:03 1573483                   /home/gabriel/.vscode/extensions/sonarsource.sonarlint-vscode-3.20.2-linux-x64/jre/17.0.8-linux-x86_64.tar/lib/libnet.so
7fb5cc01f000-7fb5cc026000 r--p 00000000 103:03 1573484                   /home/gabriel/.vscode/extensions/sonarsource.sonarlint-vscode-3.20.2-linux-x64/jre/17.0.8-linux-x86_64.tar/lib/libnio.so
7fb5cc026000-7fb5cc02f000 r-xp 00007000 103:03 1573484                   /home/gabriel/.vscode/extensions/sonarsource.sonarlint-vscode-3.20.2-linux-x64/jre/17.0.8-linux-x86_64.tar/lib/libnio.so
7fb5cc02f000-7fb5cc033000 r--p 00010000 103:03 1573484                   /home/gabriel/.vscode/extensions/sonarsource.sonarlint-vscode-3.20.2-linux-x64/jre/17.0.8-linux-x86_64.tar/lib/libnio.so
7fb5cc033000-7fb5cc034000 ---p 00014000 103:03 1573484                   /home/gabriel/.vscode/extensions/sonarsource.sonarlint-vscode-3.20.2-linux-x64/jre/17.0.8-linux-x86_64.tar/lib/libnio.so
7fb5cc034000-7fb5cc035000 r--p 00014000 103:03 1573484                   /home/gabriel/.vscode/extensions/sonarsource.sonarlint-vscode-3.20.2-linux-x64/jre/17.0.8-linux-x86_64.tar/lib/libnio.so
7fb5cc035000-7fb5cc036000 rw-p 00015000 103:03 1573484                   /home/gabriel/.vscode/extensions/sonarsource.sonarlint-vscode-3.20.2-linux-x64/jre/17.0.8-linux-x86_64.tar/lib/libnio.so
7fb5cc036000-7fb5cc038000 r--p 00000000 103:03 1573491                   /home/gabriel/.vscode/extensions/sonarsource.sonarlint-vscode-3.20.2-linux-x64/jre/17.0.8-linux-x86_64.tar/lib/libzip.so
7fb5cc038000-7fb5cc03c000 r-xp 00002000 103:03 1573491                   /home/gabriel/.vscode/extensions/sonarsource.sonarlint-vscode-3.20.2-linux-x64/jre/17.0.8-linux-x86_64.tar/lib/libzip.so
7fb5cc03c000-7fb5cc03e000 r--p 00006000 103:03 1573491                   /home/gabriel/.vscode/extensions/sonarsource.sonarlint-vscode-3.20.2-linux-x64/jre/17.0.8-linux-x86_64.tar/lib/libzip.so
7fb5cc03e000-7fb5cc03f000 r--p 00007000 103:03 1573491                   /home/gabriel/.vscode/extensions/sonarsource.sonarlint-vscode-3.20.2-linux-x64/jre/17.0.8-linux-x86_64.tar/lib/libzip.so
7fb5cc03f000-7fb5cc040000 rw-p 00008000 103:03 1573491                   /home/gabriel/.vscode/extensions/sonarsource.sonarlint-vscode-3.20.2-linux-x64/jre/17.0.8-linux-x86_64.tar/lib/libzip.so
7fb5cc040000-7fb5cc444000 rw-p 00000000 00:00 0 
7fb5cc444000-7fb5cc445000 ---p 00000000 00:00 0 
7fb5cc445000-7fb5cc546000 rw-p 00000000 00:00 0 
7fb5cc546000-7fb5cc547000 ---p 00000000 00:00 0 
7fb5cc547000-7fb5cc648000 rw-p 00000000 00:00 0 
7fb5cc648000-7fb5cc649000 ---p 00000000 00:00 0 
7fb5cc649000-7fb5ccfcc000 rw-p 00000000 00:00 0 
7fb5ccfcc000-7fb5cd09e000 ---p 00000000 00:00 0 
7fb5cd09e000-7fb5cd0cd000 rw-p 00000000 00:00 0 
7fb5cd0cd000-7fb5cd189000 ---p 00000000 00:00 0 
7fb5cd189000-7fb5cd196000 r--p 00000000 103:03 1573470                   /home/gabriel/.vscode/extensions/sonarsource.sonarlint-vscode-3.20.2-linux-x64/jre/17.0.8-linux-x86_64.tar/lib/libjava.so
7fb5cd196000-7fb5cd1a8000 r-xp 0000d000 103:03 1573470                   /home/gabriel/.vscode/extensions/sonarsource.sonarlint-vscode-3.20.2-linux-x64/jre/17.0.8-linux-x86_64.tar/lib/libjava.so
7fb5cd1a8000-7fb5cd1ae000 r--p 0001f000 103:03 1573470                   /home/gabriel/.vscode/extensions/sonarsource.sonarlint-vscode-3.20.2-linux-x64/jre/17.0.8-linux-x86_64.tar/lib/libjava.so
7fb5cd1ae000-7fb5cd1af000 ---p 00025000 103:03 1573470                   /home/gabriel/.vscode/extensions/sonarsource.sonarlint-vscode-3.20.2-linux-x64/jre/17.0.8-linux-x86_64.tar/lib/libjava.so
7fb5cd1af000-7fb5cd1b0000 r--p 00025000 103:03 1573470                   /home/gabriel/.vscode/extensions/sonarsource.sonarlint-vscode-3.20.2-linux-x64/jre/17.0.8-linux-x86_64.tar/lib/libjava.so
7fb5cd1b0000-7fb5cd1b1000 rw-p 00026000 103:03 1573470                   /home/gabriel/.vscode/extensions/sonarsource.sonarlint-vscode-3.20.2-linux-x64/jre/17.0.8-linux-x86_64.tar/lib/libjava.so
7fb5cd1b1000-7fb5cd1b2000 rw-p 00000000 00:00 0 
7fb5cd1b2000-7fb5cd1b6000 r--p 00000000 103:03 1573474                   /home/gabriel/.vscode/extensions/sonarsource.sonarlint-vscode-3.20.2-linux-x64/jre/17.0.8-linux-x86_64.tar/lib/libjimage.so
7fb5cd1b6000-7fb5cd1c9000 r-xp 00004000 103:03 1573474                   /home/gabriel/.vscode/extensions/sonarsource.sonarlint-vscode-3.20.2-linux-x64/jre/17.0.8-linux-x86_64.tar/lib/libjimage.so
7fb5cd1c9000-7fb5cd1cf000 r--p 00017000 103:03 1573474                   /home/gabriel/.vscode/extensions/sonarsource.sonarlint-vscode-3.20.2-linux-x64/jre/17.0.8-linux-x86_64.tar/lib/libjimage.so
7fb5cd1cf000-7fb5cd1d1000 r--p 0001c000 103:03 1573474                   /home/gabriel/.vscode/extensions/sonarsource.sonarlint-vscode-3.20.2-linux-x64/jre/17.0.8-linux-x86_64.tar/lib/libjimage.so
7fb5cd1d1000-7fb5cd1d2000 rw-p 0001e000 103:03 1573474                   /home/gabriel/.vscode/extensions/sonarsource.sonarlint-vscode-3.20.2-linux-x64/jre/17.0.8-linux-x86_64.tar/lib/libjimage.so
7fb5cd1d2000-7fb5cd1d6000 ---p 00000000 00:00 0 
7fb5cd1d6000-7fb5cd2d2000 rw-p 00000000 00:00 0 
7fb5cd2d2000-7fb5cd2e0000 r--p 00000000 103:03 10624776                  /usr/lib/x86_64-linux-gnu/libm.so.6
7fb5cd2e0000-7fb5cd35c000 r-xp 0000e000 103:03 10624776                  /usr/lib/x86_64-linux-gnu/libm.so.6
7fb5cd35c000-7fb5cd3b7000 r--p 0008a000 103:03 10624776                  /usr/lib/x86_64-linux-gnu/libm.so.6
7fb5cd3b7000-7fb5cd3b8000 r--p 000e4000 103:03 10624776                  /usr/lib/x86_64-linux-gnu/libm.so.6
7fb5cd3b8000-7fb5cd3b9000 rw-p 000e5000 103:03 10624776                  /usr/lib/x86_64-linux-gnu/libm.so.6
7fb5cd3b9000-7fb5cd3ba000 r--p 00000000 103:03 10625141                  /usr/lib/x86_64-linux-gnu/librt.so.1
7fb5cd3ba000-7fb5cd3bb000 r-xp 00001000 103:03 10625141                  /usr/lib/x86_64-linux-gnu/librt.so.1
7fb5cd3bb000-7fb5cd3bc000 r--p 00002000 103:03 10625141                  /usr/lib/x86_64-linux-gnu/librt.so.1
7fb5cd3bc000-7fb5cd3bd000 r--p 00002000 103:03 10625141                  /usr/lib/x86_64-linux-gnu/librt.so.1
7fb5cd3bd000-7fb5cd3be000 rw-p 00003000 103:03 10625141                  /usr/lib/x86_64-linux-gnu/librt.so.1
7fb5cd3be000-7fb5cd611000 r--p 00000000 103:03 1573502                   /home/gabriel/.vscode/extensions/sonarsource.sonarlint-vscode-3.20.2-linux-x64/jre/17.0.8-linux-x86_64.tar/lib/server/libjvm.so
7fb5cd611000-7fb5ce333000 r-xp 00253000 103:03 1573502                   /home/gabriel/.vscode/extensions/sonarsource.sonarlint-vscode-3.20.2-linux-x64/jre/17.0.8-linux-x86_64.tar/lib/server/libjvm.so
7fb5ce333000-7fb5ce5c0000 r--p 00f75000 103:03 1573502                   /home/gabriel/.vscode/extensions/sonarsource.sonarlint-vscode-3.20.2-linux-x64/jre/17.0.8-linux-x86_64.tar/lib/server/libjvm.so
7fb5ce5c0000-7fb5ce679000 r--p 01201000 103:03 1573502                   /home/gabriel/.vscode/extensions/sonarsource.sonarlint-vscode-3.20.2-linux-x64/jre/17.0.8-linux-x86_64.tar/lib/server/libjvm.so
7fb5ce679000-7fb5ce6ae000 rw-p 012ba000 103:03 1573502                   /home/gabriel/.vscode/extensions/sonarsource.sonarlint-vscode-3.20.2-linux-x64/jre/17.0.8-linux-x86_64.tar/lib/server/libjvm.so
7fb5ce6ae000-7fb5ce70b000 rw-p 00000000 00:00 0 
7fb5ce70b000-7fb5ce733000 r--p 00000000 103:03 10624079                  /usr/lib/x86_64-linux-gnu/libc.so.6
7fb5ce733000-7fb5ce8c8000 r-xp 00028000 103:03 10624079                  /usr/lib/x86_64-linux-gnu/libc.so.6
7fb5ce8c8000-7fb5ce920000 r--p 001bd000 103:03 10624079                  /usr/lib/x86_64-linux-gnu/libc.so.6
7fb5ce920000-7fb5ce924000 r--p 00214000 103:03 10624079                  /usr/lib/x86_64-linux-gnu/libc.so.6
7fb5ce924000-7fb5ce926000 rw-p 00218000 103:03 10624079                  /usr/lib/x86_64-linux-gnu/libc.so.6
7fb5ce926000-7fb5ce935000 rw-p 00000000 00:00 0 
7fb5ce935000-7fb5ce936000 r--p 00000000 103:03 10624243                  /usr/lib/x86_64-linux-gnu/libdl.so.2
7fb5ce936000-7fb5ce937000 r-xp 00001000 103:03 10624243                  /usr/lib/x86_64-linux-gnu/libdl.so.2
7fb5ce937000-7fb5ce938000 r--p 00002000 103:03 10624243                  /usr/lib/x86_64-linux-gnu/libdl.so.2
7fb5ce938000-7fb5ce939000 r--p 00002000 103:03 10624243                  /usr/lib/x86_64-linux-gnu/libdl.so.2
7fb5ce939000-7fb5ce93a000 rw-p 00003000 103:03 10624243                  /usr/lib/x86_64-linux-gnu/libdl.so.2
7fb5ce93a000-7fb5ce93b000 r--p 00000000 103:03 10625085                  /usr/lib/x86_64-linux-gnu/libpthread.so.0
7fb5ce93b000-7fb5ce93c000 r-xp 00001000 103:03 10625085                  /usr/lib/x86_64-linux-gnu/libpthread.so.0
7fb5ce93c000-7fb5ce93d000 r--p 00002000 103:03 10625085                  /usr/lib/x86_64-linux-gnu/libpthread.so.0
7fb5ce93d000-7fb5ce93e000 r--p 00002000 103:03 10625085                  /usr/lib/x86_64-linux-gnu/libpthread.so.0
7fb5ce93e000-7fb5ce93f000 rw-p 00003000 103:03 10625085                  /usr/lib/x86_64-linux-gnu/libpthread.so.0
7fb5ce93f000-7fb5ce942000 r--p 00000000 103:03 1573475                   /home/gabriel/.vscode/extensions/sonarsource.sonarlint-vscode-3.20.2-linux-x64/jre/17.0.8-linux-x86_64.tar/lib/libjli.so
7fb5ce942000-7fb5ce94c000 r-xp 00003000 103:03 1573475                   /home/gabriel/.vscode/extensions/sonarsource.sonarlint-vscode-3.20.2-linux-x64/jre/17.0.8-linux-x86_64.tar/lib/libjli.so
7fb5ce94c000-7fb5ce94f000 r--p 0000d000 103:03 1573475                   /home/gabriel/.vscode/extensions/sonarsource.sonarlint-vscode-3.20.2-linux-x64/jre/17.0.8-linux-x86_64.tar/lib/libjli.so
7fb5ce94f000-7fb5ce950000 ---p 00010000 103:03 1573475                   /home/gabriel/.vscode/extensions/sonarsource.sonarlint-vscode-3.20.2-linux-x64/jre/17.0.8-linux-x86_64.tar/lib/libjli.so
7fb5ce950000-7fb5ce951000 r--p 00010000 103:03 1573475                   /home/gabriel/.vscode/extensions/sonarsource.sonarlint-vscode-3.20.2-linux-x64/jre/17.0.8-linux-x86_64.tar/lib/libjli.so
7fb5ce951000-7fb5ce952000 rw-p 00011000 103:03 1573475                   /home/gabriel/.vscode/extensions/sonarsource.sonarlint-vscode-3.20.2-linux-x64/jre/17.0.8-linux-x86_64.tar/lib/libjli.so
7fb5ce952000-7fb5ce954000 r--p 00000000 103:03 10625550                  /usr/lib/x86_64-linux-gnu/libz.so.1.2.11
7fb5ce954000-7fb5ce965000 r-xp 00002000 103:03 10625550                  /usr/lib/x86_64-linux-gnu/libz.so.1.2.11
7fb5ce965000-7fb5ce96b000 r--p 00013000 103:03 10625550                  /usr/lib/x86_64-linux-gnu/libz.so.1.2.11
7fb5ce96b000-7fb5ce96c000 ---p 00019000 103:03 10625550                  /usr/lib/x86_64-linux-gnu/libz.so.1.2.11
7fb5ce96c000-7fb5ce96d000 r--p 00019000 103:03 10625550                  /usr/lib/x86_64-linux-gnu/libz.so.1.2.11
7fb5ce96d000-7fb5ce96e000 rw-p 0001a000 103:03 10625550                  /usr/lib/x86_64-linux-gnu/libz.so.1.2.11
7fb5ce96e000-7fb5ce973000 rw-p 00000000 00:00 0 
7fb5ce973000-7fb5ce97a000 ---p 00000000 00:00 0 
7fb5ce97a000-7fb5ce982000 rw-s 00000000 103:03 23855638                  /tmp/hsperfdata_gabriel/638747
7fb5ce982000-7fb5ce983000 ---p 00000000 00:00 0 
7fb5ce983000-7fb5ce984000 r--p 00000000 00:00 0 
7fb5ce984000-7fb5ce986000 rw-p 00000000 00:00 0 
7fb5ce986000-7fb5ce988000 r--p 00000000 103:03 10623688                  /usr/lib/x86_64-linux-gnu/ld-linux-x86-64.so.2
7fb5ce988000-7fb5ce9b2000 r-xp 00002000 103:03 10623688                  /usr/lib/x86_64-linux-gnu/ld-linux-x86-64.so.2
7fb5ce9b2000-7fb5ce9bd000 r--p 0002c000 103:03 10623688                  /usr/lib/x86_64-linux-gnu/ld-linux-x86-64.so.2
7fb5ce9bd000-7fb5ce9be000 ---p 00000000 00:00 0 
7fb5ce9be000-7fb5ce9c0000 r--p 00037000 103:03 10623688                  /usr/lib/x86_64-linux-gnu/ld-linux-x86-64.so.2
7fb5ce9c0000-7fb5ce9c2000 rw-p 00039000 103:03 10623688                  /usr/lib/x86_64-linux-gnu/ld-linux-x86-64.so.2
7fff6ab52000-7fff6ab74000 rw-p 00000000 00:00 0                          [stack]
7fff6ab83000-7fff6ab87000 r--p 00000000 00:00 0                          [vvar]
7fff6ab87000-7fff6ab89000 r-xp 00000000 00:00 0                          [vdso]
ffffffffff600000-ffffffffff601000 --xp 00000000 00:00 0                  [vsyscall]


VM Arguments:
java_command: /home/gabriel/.vscode/extensions/sonarsource.sonarlint-vscode-3.20.2-linux-x64/server/sonarlint-ls.jar -stdio -analyzers /home/gabriel/.vscode/extensions/sonarsource.sonarlint-vscode-3.20.2-linux-x64/analyzers/sonargo.jar /home/gabriel/.vscode/extensions/sonarsource.sonarlint-vscode-3.20.2-linux-x64/analyzers/sonarjava.jar /home/gabriel/.vscode/extensions/sonarsource.sonarlint-vscode-3.20.2-linux-x64/analyzers/sonarjs.jar /home/gabriel/.vscode/extensions/sonarsource.sonarlint-vscode-3.20.2-linux-x64/analyzers/sonarphp.jar /home/gabriel/.vscode/extensions/sonarsource.sonarlint-vscode-3.20.2-linux-x64/analyzers/sonarpython.jar /home/gabriel/.vscode/extensions/sonarsource.sonarlint-vscode-3.20.2-linux-x64/analyzers/sonarhtml.jar /home/gabriel/.vscode/extensions/sonarsource.sonarlint-vscode-3.20.2-linux-x64/analyzers/sonarxml.jar /home/gabriel/.vscode/extensions/sonarsource.sonarlint-vscode-3.20.2-linux-x64/analyzers/sonarcfamily.jar /home/gabriel/.vscode/extensions/sonarsource.sonarlint-vscode-3.20.2-linux-x64/analyzers/sonartext.jar /home/gabriel/.vscode/extensions/sonarsource.sonarlint-vscode-3.20.2-linux-x64/analyzers/sonariac.jar
java_class_path (initial): /home/gabriel/.vscode/extensions/sonarsource.sonarlint-vscode-3.20.2-linux-x64/server/sonarlint-ls.jar
Launcher Type: SUN_STANDARD

[Global flags]
     intx CICompilerCount                          = 4                                         {product} {ergonomic}
     uint ConcGCThreads                            = 2                                         {product} {ergonomic}
     uint G1ConcRefinementThreads                  = 8                                         {product} {ergonomic}
   size_t G1HeapRegionSize                         = 4194304                                   {product} {ergonomic}
    uintx GCDrainStackTargetSize                   = 64                                        {product} {ergonomic}
   size_t InitialHeapSize                          = 394264576                                 {product} {ergonomic}
   size_t MarkStackSize                            = 4194304                                   {product} {ergonomic}
   size_t MaxHeapSize                              = 6249512960                                {product} {ergonomic}
   size_t MaxNewSize                               = 3749707776                                {product} {ergonomic}
   size_t MinHeapDeltaBytes                        = 4194304                                   {product} {ergonomic}
   size_t MinHeapSize                              = 8388608                                   {product} {ergonomic}
    uintx NonNMethodCodeHeapSize                   = 5839372                                {pd product} {ergonomic}
    uintx NonProfiledCodeHeapSize                  = 122909434                              {pd product} {ergonomic}
    uintx ProfiledCodeHeapSize                     = 122909434                              {pd product} {ergonomic}
    uintx ReservedCodeCacheSize                    = 251658240                              {pd product} {ergonomic}
     bool SegmentedCodeCache                       = true                                      {product} {ergonomic}
   size_t SoftMaxHeapSize                          = 6249512960                             {manageable} {ergonomic}
     bool UseCompressedClassPointers               = true                           {product lp64_product} {ergonomic}
     bool UseCompressedOops                        = true                           {product lp64_product} {ergonomic}
     bool UseG1GC                                  = true                                      {product} {ergonomic}

Logging:
Log output configuration:
 #0: stdout all=warning uptime,level,tags
 #1: stderr all=off uptime,level,tags

Environment Variables:
JAVA_HOME=/opt/jdk-13.0.1
PATH=/home/gabriel/.nvm/versions/node/v18.10.0/bin:/opt/apache-maven-3.6.3/bin:/opt/jdk-13.0.1/bin:/usr/lib/jvm/java-1.11.0-openjdk-amd64/bin:/usr/local/sbin:/usr/local/bin:/usr/sbin:/usr/bin:/sbin:/bin:/usr/games:/usr/local/games:/snap/bin
SHELL=/bin/bash
DISPLAY=:0
LANG=en_US.UTF-8
LC_NUMERIC=pt_BR.UTF-8
TERM=xterm-256color

Active Locale:
LC_ALL=LC_CTYPE=en_US.UTF-8;LC_NUMERIC=pt_BR.UTF-8;LC_TIME=en_US.UTF-8;LC_COLLATE=en_US.UTF-8;LC_MONETARY=pt_BR.UTF-8;LC_MESSAGES=en_US.UTF-8;LC_PAPER=pt_BR.UTF-8;LC_NAME=pt_BR.UTF-8;LC_ADDRESS=pt_BR.UTF-8;LC_TELEPHONE=pt_BR.UTF-8;LC_MEASUREMENT=pt_BR.UTF-8;LC_IDENTIFICATION=pt_BR.UTF-8
LC_COLLATE=en_US.UTF-8
LC_CTYPE=en_US.UTF-8
LC_MESSAGES=en_US.UTF-8
LC_MONETARY=pt_BR.UTF-8
LC_NUMERIC=pt_BR.UTF-8
LC_TIME=en_US.UTF-8

Signal Handlers:
   SIGSEGV: crash_handler in libjvm.so, mask=11100100010111111101111111111110, flags=SA_RESTART|SA_SIGINFO, unblocked
    SIGBUS: crash_handler in libjvm.so, mask=11100100010111111101111111111110, flags=SA_RESTART|SA_SIGINFO, unblocked
    SIGFPE: crash_handler in libjvm.so, mask=11100100010111111101111111111110, flags=SA_RESTART|SA_SIGINFO, unblocked
   SIGPIPE: javaSignalHandler in libjvm.so, mask=11100100010111111101111111111110, flags=SA_RESTART|SA_SIGINFO, blocked
   SIGXFSZ: javaSignalHandler in libjvm.so, mask=11100100010111111101111111111110, flags=SA_RESTART|SA_SIGINFO, blocked
    SIGILL: crash_handler in libjvm.so, mask=11100100010111111101111111111110, flags=SA_RESTART|SA_SIGINFO, unblocked
   SIGUSR2: SR_handler in libjvm.so, mask=00000000000000000000000000000000, flags=SA_RESTART|SA_SIGINFO, blocked
    SIGHUP: UserHandler in libjvm.so, mask=11100100010111111101111111111110, flags=SA_RESTART|SA_SIGINFO, blocked
    SIGINT: UserHandler in libjvm.so, mask=11100100010111111101111111111110, flags=SA_RESTART|SA_SIGINFO, blocked
   SIGTERM: UserHandler in libjvm.so, mask=11100100010111111101111111111110, flags=SA_RESTART|SA_SIGINFO, blocked
   SIGQUIT: UserHandler in libjvm.so, mask=11100100010111111101111111111110, flags=SA_RESTART|SA_SIGINFO, blocked
   SIGTRAP: crash_handler in libjvm.so, mask=11100100010111111101111111111110, flags=SA_RESTART|SA_SIGINFO, unblocked


---------------  S Y S T E M  ---------------

OS:
DISTRIB_ID=LinuxMint
DISTRIB_RELEASE=21.1
DISTRIB_CODENAME=vera
DISTRIB_DESCRIPTION="Linux Mint 21.1 Vera"
uname: Linux 5.15.0-56-generic #62-Ubuntu SMP Tue Nov 22 19:54:14 UTC 2022 x86_64
OS uptime: 0 days 8:02 hours
libc: glibc 2.35 NPTL 2.35 
rlimit (soft/hard): STACK 8192k/infinity , CORE 0k/infinity , NPROC 94811/94811 , NOFILE 1048576/1048576 , AS infinity/infinity , CPU infinity/infinity , DATA infinity/infinity , FSIZE infinity/infinity , MEMLOCK 3049628k/3049628k
load average: 2,27 2,06 1,65

/proc/meminfo:
MemTotal:       24397024 kB
MemFree:         5561736 kB
MemAvailable:   13364068 kB
Buffers:          773024 kB
Cached:          7985180 kB
SwapCached:            0 kB
Active:          3362280 kB
Inactive:       13058924 kB
Active(anon):       8352 kB
Inactive(anon):  8908692 kB
Active(file):    3353928 kB
Inactive(file):  4150232 kB
Unevictable:     1064264 kB
Mlocked:              80 kB
SwapTotal:       2097148 kB
SwapFree:        2097148 kB
Dirty:              2756 kB
Writeback:            68 kB
AnonPages:       8727044 kB
Mapped:          1155940 kB
Shmem:           1253752 kB
KReclaimable:     704524 kB
Slab:             913236 kB
SReclaimable:     704524 kB
SUnreclaim:       208712 kB
KernelStack:       33696 kB
PageTables:       117932 kB
NFS_Unstable:          0 kB
Bounce:                0 kB
WritebackTmp:          0 kB
CommitLimit:    14295660 kB
Committed_AS:   22902128 kB
VmallocTotal:   34359738367 kB
VmallocUsed:      107848 kB
VmallocChunk:          0 kB
Percpu:             7616 kB
HardwareCorrupted:     0 kB
AnonHugePages:         0 kB
ShmemHugePages:        0 kB
ShmemPmdMapped:        0 kB
FileHugePages:         0 kB
FilePmdMapped:         0 kB
HugePages_Total:       0
HugePages_Free:        0
HugePages_Rsvd:        0
HugePages_Surp:        0
Hugepagesize:       2048 kB
Hugetlb:               0 kB
DirectMap4k:      702144 kB
DirectMap2M:    16902144 kB
DirectMap1G:     7340032 kB

/sys/kernel/mm/transparent_hugepage/enabled: always [madvise] never
/sys/kernel/mm/transparent_hugepage/defrag (defrag/compaction efforts parameter): always defer defer+madvise [madvise] never

Process Memory:
Virtual Size: 12076432K (peak: 12076432K)
Resident Set Size: 504080K (peak: 504080K) (anon: 474432K, file: 29648K, shmem: 0K)
Swapped out: 0K
C-Heap outstanding allocations: 53490K, retained: 141545K
glibc malloc tunables: (default)

/proc/sys/kernel/threads-max (system-wide limit on the number of threads): 189623
/proc/sys/vm/max_map_count (maximum number of memory map areas a process may have): 65530
/proc/sys/kernel/pid_max (system-wide limit on number of process identifiers): 4194304

container (cgroup) information:
container_type: cgroupv2
cpu_cpuset_cpus: not supported
cpu_memory_nodes: not supported
active_processor_count: 8
cpu_quota: not supported
cpu_period: not supported
cpu_shares: not supported
memory_limit_in_bytes: unlimited
memory_and_swap_limit_in_bytes: unlimited
memory_soft_limit_in_bytes: unlimited
memory_usage_in_bytes: 6668676 k
memory_max_usage_in_bytes: not supported
memory_swap_current_in_bytes: unlimited
memory_swap_max_limit_in_bytes: unlimited
maximum number of tasks: 28443
current number of tasks: 528

Steal ticks since vm start: 0
Steal ticks percentage since vm start:  0,000

CPU: total 8 (initial active 8) (4 cores per cpu, 2 threads per core) family 6 model 140 stepping 1 microcode 0xa4, cx8, cmov, fxsr, ht, mmx, 3dnowpref, sse, sse2, sse3, ssse3, sse4.1, sse4.2, popcnt, lzcnt, tsc, tscinvbit, avx, avx2, aes, erms, clmul, bmi1, bmi2, adx, avx512f, avx512dq, avx512cd, avx512bw, avx512vl, sha, fma, vzeroupper, avx512_vpopcntdq, avx512_vpclmulqdq, avx512_vaes, avx512_vnni, clflush, clflushopt, clwb, avx512_vbmi2, avx512_vbmi
CPU Model and flags from /proc/cpuinfo:
model name	: 11th Gen Intel(R) Core(TM) i5-11300H @ 3.10GHz
flags		: fpu vme de pse tsc msr pae mce cx8 apic sep mtrr pge mca cmov pat pse36 clflush dts acpi mmx fxsr sse sse2 ss ht tm pbe syscall nx pdpe1gb rdtscp lm constant_tsc art arch_perfmon pebs bts rep_good nopl xtopology nonstop_tsc cpuid aperfmperf tsc_known_freq pni pclmulqdq dtes64 monitor ds_cpl vmx est tm2 ssse3 sdbg fma cx16 xtpr pdcm pcid sse4_1 sse4_2 x2apic movbe popcnt tsc_deadline_timer aes xsave avx f16c rdrand lahf_lm abm 3dnowprefetch cpuid_fault epb cat_l2 invpcid_single cdp_l2 ssbd ibrs ibpb stibp ibrs_enhanced tpr_shadow vnmi flexpriority ept vpid ept_ad fsgsbase tsc_adjust bmi1 avx2 smep bmi2 erms invpcid rdt_a avx512f avx512dq rdseed adx smap avx512ifma clflushopt clwb intel_pt avx512cd sha_ni avx512bw avx512vl xsaveopt xsavec xgetbv1 xsaves split_lock_detect dtherm ida arat pln pts hwp hwp_notify hwp_act_window hwp_epp hwp_pkg_req avx512vbmi umip pku ospke avx512_vbmi2 gfni vaes vpclmulqdq avx512_vnni avx512_bitalg avx512_vpopcntdq rdpid movdiri movdir64b fsrm avx512_vp2intersect md_clear flush_l1d arch_capabilities

Online cpus: 0-7
Offline cpus: 
BIOS frequency limitation: <Not Available>
Frequency switch latency (ns): 0
Available cpu frequencies: <Not Available>
Current governor: powersave
Core performance/turbo boost: <Not Available>

Memory: 4k page, physical 24397024k(5561736k free), swap 2097148k(2097148k free)
Page Sizes: 4k

vm_info: OpenJDK 64-Bit Server VM (17.0.8+7) for linux-amd64 JRE (17.0.8+7), built on Jul 18 2023 00:00:00 by "admin" with gcc 10.3.0

END.
